#
# There is insufficient memory for the Java Runtime Environment to continue.
# Native memory allocation (malloc) failed to allocate 32744 bytes for ChunkPool::allocate
# Possible reasons:
#   The system is out of physical RAM or swap space
#   In 32 bit mode, the process size limit was hit
# Possible solutions:
#   Reduce memory load on the system
#   Increase physical memory or swap space
#   Check if swap backing store is full
#   Use 64 bit Java on a 64 bit OS
#   Decrease Java heap size (-Xmx/-Xms)
#   Decrease number of Java threads
#   Decrease Java thread stack sizes (-Xss)
#   Set larger code cache with -XX:ReservedCodeCacheSize=
# This output file may be truncated or incomplete.
#
#  Out of Memory Error (allocation.cpp:273), pid=6836, tid=0x0000000000001fb8
#
# JRE version: OpenJDK Runtime Environment (8.0_112-b06) (build 1.8.0_112-release-b06)
# Java VM: OpenJDK 64-Bit Server VM (25.112-b06 mixed mode windows-amd64 compressed oops)
# Failed to write core dump. Minidumps are not enabled by default on client versions of Windows
#

---------------  T H R E A D  ---------------

Current thread (0x00000000153e6800):  JavaThread "C2 CompilerThread1" daemon [_thread_in_native, id=8120, stack(0x0000000016ae0000,0x0000000016be0000)]

Stack: [0x0000000016ae0000,0x0000000016be0000]
[error occurred during error reporting (printing stack bounds), id 0xc0000005]

Native frames: (J=compiled Java code, j=interpreted, Vv=VM code, C=native code)


Current CompileTask:
C2:   4015 1383   !   4       com.android.dx.cf.code.BytecodeArray::parseInstruction (2764 bytes)


---------------  P R O C E S S  ---------------

Java Threads: ( => current thread )
  0x0000000016f4c800 JavaThread "pool-2-thread-4" [_thread_blocked, id=4600, stack(0x00000000176e0000,0x00000000177e0000)]
  0x0000000016f30800 JavaThread "pool-2-thread-3" [_thread_blocked, id=9132, stack(0x00000000175e0000,0x00000000176e0000)]
  0x0000000016e2d000 JavaThread "pool-2-thread-2" [_thread_in_Java, id=16836, stack(0x00000000174e0000,0x00000000175e0000)]
  0x0000000016e1b800 JavaThread "pool-3-thread-1" [_thread_blocked, id=17264, stack(0x00000000173e0000,0x00000000174e0000)]
  0x0000000016e1b000 JavaThread "pool-2-thread-1" [_thread_blocked, id=13308, stack(0x00000000172e0000,0x00000000173e0000)]
  0x0000000016ce5000 JavaThread "Service Thread" daemon [_thread_blocked, id=18448, stack(0x00000000170e0000,0x00000000171e0000)]
  0x00000000153e9800 JavaThread "C1 CompilerThread2" daemon [_thread_blocked, id=8876, stack(0x0000000016be0000,0x0000000016ce0000)]
=>0x00000000153e6800 JavaThread "C2 CompilerThread1" daemon [_thread_in_native, id=8120, stack(0x0000000016ae0000,0x0000000016be0000)]
  0x000000001538d000 JavaThread "C2 CompilerThread0" daemon [_thread_in_native, id=7740, stack(0x00000000169e0000,0x0000000016ae0000)]
  0x000000001538b800 JavaThread "Attach Listener" daemon [_thread_blocked, id=17700, stack(0x00000000168e0000,0x00000000169e0000)]
  0x000000001538a800 JavaThread "Signal Dispatcher" daemon [_thread_blocked, id=9312, stack(0x00000000167e0000,0x00000000168e0000)]
  0x0000000015378800 JavaThread "Finalizer" daemon [_thread_blocked, id=16944, stack(0x00000000165e0000,0x00000000166e0000)]
  0x0000000015356800 JavaThread "Reference Handler" daemon [_thread_blocked, id=10036, stack(0x00000000164e0000,0x00000000165e0000)]
  0x0000000002bc2800 JavaThread "main" [_thread_in_native, id=12312, stack(0x00000000029f0000,0x0000000002af0000)]

Other Threads:
  0x0000000015355000 VMThread [stack: 0x00000000163e0000,0x00000000164e0000] [id=756]
  0x0000000016ce7000 WatcherThread [stack: 0x00000000171e0000,0x00000000172e0000] [id=11664]

VM state:not at safepoint (normal execution)

VM Mutex/Monitor currently owned by a thread: None

Heap:
 PSYoungGen      total 71680K, used 10709K [0x00000000eab00000, 0x00000000ef600000, 0x0000000100000000)
  eden space 66560K, 8% used [0x00000000eab00000,0x00000000eb07c300,0x00000000eec00000)
  from space 5120K, 99% used [0x00000000ef100000,0x00000000ef5f91d8,0x00000000ef600000)
  to   space 5120K, 0% used [0x00000000eec00000,0x00000000eec00000,0x00000000ef100000)
 ParOldGen       total 87552K, used 4482K [0x00000000c0000000, 0x00000000c5580000, 0x00000000eab00000)
  object space 87552K, 5% used [0x00000000c0000000,0x00000000c0460948,0x00000000c5580000)
 Metaspace       used 5779K, capacity 6960K, committed 7040K, reserved 1056768K
  class space    used 558K, capacity 616K, committed 640K, reserved 1048576K

Card table byte_map: [0x0000000012080000,0x0000000012290000] byte_map_base: 0x0000000011a80000

Marking Bits: (ParMarkBitMap*) 0x0000000061be18f0
 Begin Bits: [0x00000000127f0000, 0x00000000137f0000)
 End Bits:   [0x00000000137f0000, 0x00000000147f0000)

Polling page: 0x0000000001230000

CodeCache: size=245760Kb used=5963Kb max_used=5969Kb free=239796Kb
 bounds [0x0000000002cc0000, 0x00000000032a0000, 0x0000000011cc0000]
 total_blobs=1624 nmethods=1363 adapters=175
 compilation: enabled

Compilation events (10 events):
Event: 3.978 Thread 0x00000000153e9800 1389       3       java.util.TreeMap::values (25 bytes)
Event: 3.979 Thread 0x00000000153e9800 nmethod 1389 0x0000000003288fd0 code [0x0000000003289140, 0x0000000003289470]
Event: 3.979 Thread 0x00000000153e9800 1390       3       com.android.dx.cf.code.ByteCatchList$Item::getExceptionClass (18 bytes)
Event: 3.979 Thread 0x00000000153e9800 nmethod 1390 0x0000000003288c50 code [0x0000000003288da0, 0x0000000003288f50]
Event: 3.979 Thread 0x00000000153e9800 1391       3       com.android.dx.cf.code.ByteCatchList::typeNotFound (47 bytes)
Event: 3.980 Thread 0x00000000153e9800 nmethod 1391 0x00000000032883d0 code [0x0000000003288560, 0x0000000003288970]
Event: 3.981 Thread 0x00000000153e9800 1392       3       com.android.dx.cf.attrib.AttLineNumberTable::byteLength (13 bytes)
Event: 3.982 Thread 0x00000000153e9800 nmethod 1392 0x0000000003292310 code [0x0000000003292480, 0x00000000032926d0]
Event: 3.982 Thread 0x00000000153e9800 1393       3       com.android.dx.rop.code.AccessFlags::isStatic (13 bytes)
Event: 3.982 Thread 0x00000000153e9800 nmethod 1393 0x0000000003291f90 code [0x00000000032920e0, 0x0000000003292270]

GC Heap History (4 events):
Event: 2.257 GC heap before
{Heap before GC invocations=1 (full 0):
 PSYoungGen      total 38400K, used 33280K [0x00000000eab00000, 0x00000000ed580000, 0x0000000100000000)
  eden space 33280K, 100% used [0x00000000eab00000,0x00000000ecb80000,0x00000000ecb80000)
  from space 5120K, 0% used [0x00000000ed080000,0x00000000ed080000,0x00000000ed580000)
  to   space 5120K, 0% used [0x00000000ecb80000,0x00000000ecb80000,0x00000000ed080000)
 ParOldGen       total 87552K, used 0K [0x00000000c0000000, 0x00000000c5580000, 0x00000000eab00000)
  object space 87552K, 0% used [0x00000000c0000000,0x00000000c0000000,0x00000000c5580000)
 Metaspace       used 5662K, capacity 6832K, committed 7040K, reserved 1056768K
  class space    used 556K, capacity 616K, committed 640K, reserved 1048576K
Event: 2.322 GC heap after
Heap after GC invocations=1 (full 0):
 PSYoungGen      total 38400K, used 5113K [0x00000000eab00000, 0x00000000ef600000, 0x0000000100000000)
  eden space 33280K, 0% used [0x00000000eab00000,0x00000000eab00000,0x00000000ecb80000)
  from space 5120K, 99% used [0x00000000ecb80000,0x00000000ed07e518,0x00000000ed080000)
  to   space 5120K, 0% used [0x00000000ef100000,0x00000000ef100000,0x00000000ef600000)
 ParOldGen       total 87552K, used 1475K [0x00000000c0000000, 0x00000000c5580000, 0x00000000eab00000)
  object space 87552K, 1% used [0x00000000c0000000,0x00000000c0170fd8,0x00000000c5580000)
 Metaspace       used 5662K, capacity 6832K, committed 7040K, reserved 1056768K
  class space    used 556K, capacity 616K, committed 640K, reserved 1048576K
}
Event: 3.650 GC heap before
{Heap before GC invocations=2 (full 0):
 PSYoungGen      total 38400K, used 38393K [0x00000000eab00000, 0x00000000ef600000, 0x0000000100000000)
  eden space 33280K, 100% used [0x00000000eab00000,0x00000000ecb80000,0x00000000ecb80000)
  from space 5120K, 99% used [0x00000000ecb80000,0x00000000ed07e518,0x00000000ed080000)
  to   space 5120K, 0% used [0x00000000ef100000,0x00000000ef100000,0x00000000ef600000)
 ParOldGen       total 87552K, used 1475K [0x00000000c0000000, 0x00000000c5580000, 0x00000000eab00000)
  object space 87552K, 1% used [0x00000000c0000000,0x00000000c0170fd8,0x00000000c5580000)
 Metaspace       used 5772K, capacity 6960K, committed 7040K, reserved 1056768K
  class space    used 558K, capacity 616K, committed 640K, reserved 1048576K
Event: 3.663 GC heap after
Heap after GC invocations=2 (full 0):
 PSYoungGen      total 71680K, used 5092K [0x00000000eab00000, 0x00000000ef600000, 0x0000000100000000)
  eden space 66560K, 0% used [0x00000000eab00000,0x00000000eab00000,0x00000000eec00000)
  from space 5120K, 99% used [0x00000000ef100000,0x00000000ef5f91d8,0x00000000ef600000)
  to   space 5120K, 0% used [0x00000000eec00000,0x00000000eec00000,0x00000000ef100000)
 ParOldGen       total 87552K, used 4482K [0x00000000c0000000, 0x00000000c5580000, 0x00000000eab00000)
  object space 87552K, 5% used [0x00000000c0000000,0x00000000c0460948,0x00000000c5580000)
 Metaspace       used 5772K, capacity 6960K, committed 7040K, reserved 1056768K
  class space    used 558K, capacity 616K, committed 640K, reserved 1048576K
}

Deoptimization events (10 events):
Event: 1.276 Thread 0x0000000016e1b000 Uncommon trap: reason=unstable_if action=reinterpret pc=0x0000000002f57b30 method=java.util.BitSet.nextSetBit(I)I @ 87
Event: 2.006 Thread 0x0000000016e1b000 Uncommon trap: reason=null_check action=make_not_entrant pc=0x0000000002f7aba0 method=com.android.dx.rop.type.Type.equals(Ljava/lang/Object;)Z @ 8
Event: 2.013 Thread 0x0000000016e1b000 Uncommon trap: reason=unstable_if action=reinterpret pc=0x0000000002f88c2c method=com.android.dx.ssa.SsaRenamer$BlockRenamer.addMapping(ILcom/android/dx/rop/code/RegisterSpec;)V @ 120
Event: 2.062 Thread 0x0000000016e2d000 Uncommon trap: reason=unstable_if action=reinterpret pc=0x0000000002f8b278 method=com.android.dx.rop.code.RegisterSpecSet.put(Lcom/android/dx/rop/code/RegisterSpec;)V @ 77
Event: 2.202 Thread 0x0000000016f30800 Uncommon trap: reason=bimorphic action=maybe_recompile pc=0x0000000003113154 method=com.android.dx.cf.code.BytecodeArray.parseInstruction(ILcom/android/dx/cf/code/BytecodeArray$Visitor;)I @ 2281
Event: 2.203 Thread 0x0000000016f30800 Uncommon trap: reason=bimorphic action=maybe_recompile pc=0x0000000003113154 method=com.android.dx.cf.code.BytecodeArray.parseInstruction(ILcom/android/dx/cf/code/BytecodeArray$Visitor;)I @ 2281
Event: 2.235 Thread 0x0000000016e2d000 Uncommon trap: reason=null_check action=make_not_entrant pc=0x0000000002f82858 method=com.android.dx.ssa.SsaRenamer.getLocalForNewReg(I)Lcom/android/dx/rop/code/LocalItem; @ 19
Event: 2.325 Thread 0x0000000016e2d000 Uncommon trap: reason=uninitialized action=reinterpret pc=0x0000000003113f20 method=com.android.dx.cf.code.BytecodeArray.parseInstruction(ILcom/android/dx/cf/code/BytecodeArray$Visitor;)I @ 1079
Event: 2.365 Thread 0x0000000016f30800 Uncommon trap: reason=unstable_if action=reinterpret pc=0x000000000313422c method=com.android.dx.rop.code.DexTranslationAdvice.requiresSourcesInOrder(Lcom/android/dx/rop/code/Rop;Lcom/android/dx/rop/code/RegisterSpecList;)Z @ 21
Event: 3.712 Thread 0x0000000016e1b000 Uncommon trap: reason=bimorphic action=maybe_recompile pc=0x000000000321226c method=com.android.dx.ssa.LiteralOpUpgrader.tryReplacingWithConstant(Lcom/android/dx/ssa/NormalSsaInsn;)Z @ 52

Internal exceptions (4 events):
Event: 0.121 Thread 0x0000000002bc2800 Exception <a 'java/lang/NoSuchMethodError': Method sun.misc.Unsafe.defineClass(Ljava/lang/String;[BII)Ljava/lang/Class; name or signature does not match> (0x00000000eab07c78) thrown at [C:\src\android\AOSP-openjdk\external\jetbrains\jdk\hotspot\src\share\våuÂ]Þ¾?
Event: 0.121 Thread 0x0000000002bc2800 Exception <a 'java/lang/NoSuchMethodError': Method sun.misc.Unsafe.prefetchRead(Ljava/lang/Object;J)V name or signature does not match> (0x00000000eab07f60) thrown at [C:\src\android\AOSP-openjdk\external\jetbrains\jdk\hotspot\src\share\vm\prims\jni.cpp, lêIF?
Event: 2.006 Thread 0x0000000016e1b000 Implicit null exception at 0x0000000002f7aaa2 to 0x0000000002f7ab92
Event: 2.235 Thread 0x0000000016e2d000 Implicit null exception at 0x0000000002f8032a to 0x0000000002f82839

Events (10 events):
Event: 3.307 Thread 0x0000000002bc2800 DEOPT UNPACKING pc=0x0000000002d075bf sp=0x0000000002aeda40 mode 0
Event: 3.441 Thread 0x0000000002bc2800 DEOPT PACKING pc=0x0000000003027724 sp=0x0000000002aedca0
Event: 3.441 Thread 0x0000000002bc2800 DEOPT UNPACKING pc=0x0000000002d075bf sp=0x0000000002aed9c0 mode 0
Event: 3.446 Thread 0x0000000002bc2800 DEOPT PACKING pc=0x0000000002ffd6f8 sp=0x0000000002aedc70
Event: 3.446 Thread 0x0000000002bc2800 DEOPT UNPACKING pc=0x0000000002d075bf sp=0x0000000002aed9a8 mode 0
Event: 3.650 Executing VM operation: ParallelGCFailedAllocation
Event: 3.663 Executing VM operation: ParallelGCFailedAllocation done
Event: 3.712 Thread 0x0000000016e1b000 Uncommon trap: trap_request=0xffffffc6 fr.pc=0x000000000321226c
Event: 3.712 Thread 0x0000000016e1b000 DEOPT PACKING pc=0x000000000321226c sp=0x00000000173dead0
Event: 3.712 Thread 0x0000000016e1b000 DEOPT UNPACKING pc=0x0000000002d0556a sp=0x00000000173de9a8 mode 2


Dynamic libraries:
0x00007ff62f2b0000 - 0x00007ff62f2e1000 	C:\Program Files\Android\Android Studio\jre\bin\java.exe
0x00007ff9e5f10000 - 0x00007ff9e60bd000 	C:\Windows\SYSTEM32\ntdll.dll
0x00007ff9e5dd0000 - 0x00007ff9e5f0e000 	C:\Windows\system32\KERNEL32.DLL
0x00007ff9e3340000 - 0x00007ff9e3455000 	C:\Windows\system32\KERNELBASE.dll
0x00007ff9e5690000 - 0x00007ff9e573a000 	C:\Windows\system32\ADVAPI32.dll
0x00007ff9e5a20000 - 0x00007ff9e5b97000 	C:\Windows\system32\USER32.dll
0x00007ff9e0760000 - 0x00007ff9e09db000 	C:\Windows\WinSxS\amd64_microsoft.windows.common-controls_6595b64144ccf1df_6.0.9600.18006_none_623f33d3ecbe86e8\COMCTL32.dll
0x00007ff9e52b0000 - 0x00007ff9e535a000 	C:\Windows\system32\msvcrt.dll
0x00007ff9e35a0000 - 0x00007ff9e35f9000 	C:\Windows\SYSTEM32\sechost.dll
0x00007ff9e5070000 - 0x00007ff9e51b0000 	C:\Windows\system32\RPCRT4.dll
0x00007ff9e5530000 - 0x00007ff9e567f000 	C:\Windows\system32\GDI32.dll
0x00007ff9e3510000 - 0x00007ff9e353e000 	C:\Windows\system32\SspiCli.dll
0x00007ff9e59e0000 - 0x00007ff9e5a16000 	C:\Windows\system32\IMM32.DLL
0x00007ff9e53d0000 - 0x00007ff9e5522000 	C:\Windows\system32\MSCTF.dll
0x00000000623a0000 - 0x0000000062472000 	C:\Program Files\Android\Android Studio\jre\jre\bin\msvcr100.dll
0x0000000061420000 - 0x0000000061c5c000 	C:\Program Files\Android\Android Studio\jre\jre\bin\server\jvm.dll
0x00007ff9d4030000 - 0x00007ff9d4039000 	C:\Windows\SYSTEM32\WSOCK32.dll
0x00007ff9d41a0000 - 0x00007ff9d41c2000 	C:\Windows\SYSTEM32\WINMM.dll
0x00007ff9daaa0000 - 0x00007ff9daaaa000 	C:\Windows\SYSTEM32\VERSION.dll
0x00007ff9e5290000 - 0x00007ff9e5297000 	C:\Windows\system32\PSAPI.DLL
0x00007ff9e3600000 - 0x00007ff9e365a000 	C:\Windows\system32\WS2_32.dll
0x00007ff9d4170000 - 0x00007ff9d419a000 	C:\Windows\SYSTEM32\WINMMBASE.dll
0x00007ff9e5680000 - 0x00007ff9e5689000 	C:\Windows\system32\NSI.dll
0x00007ff9e3110000 - 0x00007ff9e315f000 	C:\Windows\SYSTEM32\cfgmgr32.dll
0x00007ff9e1e60000 - 0x00007ff9e1e88000 	C:\Windows\SYSTEM32\DEVOBJ.dll
0x00007ff9d3d70000 - 0x00007ff9d3d7f000 	C:\Program Files\Android\Android Studio\jre\jre\bin\verify.dll
0x00007ff9c8c60000 - 0x00007ff9c8c89000 	C:\Program Files\Android\Android Studio\jre\jre\bin\java.dll
0x00007ff9c73c0000 - 0x00007ff9c73d6000 	C:\Program Files\Android\Android Studio\jre\jre\bin\zip.dll
0x00007ff9e3660000 - 0x00007ff9e4b8a000 	C:\Windows\system32\SHELL32.dll
0x00007ff9e5ba0000 - 0x00007ff9e5db1000 	C:\Windows\SYSTEM32\combase.dll
0x00007ff9e5740000 - 0x00007ff9e5794000 	C:\Windows\system32\SHLWAPI.dll
0x00007ff9e13c0000 - 0x00007ff9e1472000 	C:\Windows\SYSTEM32\SHCORE.dll
0x00007ff9e3040000 - 0x00007ff9e3055000 	C:\Windows\SYSTEM32\profapi.dll

VM Arguments:
jvm_args: -Djava.awt.headless=true -Xmx1024M -Dfile.encoding=windows-1252 -Duser.country=AR -Duser.language=es -Duser.variant 
java_command: com.android.dx.command.Main --dex --force-jumbo --num-threads=4 --multi-dex --output D:\Documents\PreventaAndroid\build\intermediates\transforms\dex\debug\folders\1000\5\slice_5 D:\Documents\PreventaAndroid\build\intermediates\transforms\instantRunSlicer\debug\folders\1\5\slice_5
java_class_path (initial): C:\Users\Pocho\AppData\Local\Android\sdk\build-tools\25.0.0\lib\dx.jar
Launcher Type: SUN_STANDARD

Environment Variables:
JAVA_HOME=C:\Program Files\Java\jdk1.8.0_91
PATH=C:\ProgramData\Oracle\Java\javapath;C:\Windows\system32;C:\Windows;C:\Windows\System32\Wbem;C:\Windows\System32\WindowsPowerShell\v1.0\;C:\Windows\system32\config\systemprofile\.dnx\bin;C:\Program Files\Microsoft DNX\Dnvm\;C:\Program Files\Microsoft SQL Server\120\Tools\Binn\;C:\Program Files\Git\cmd;C:\Program Files\Microsoft SQL Server\110\Tools\Binn\;C:\Program Files (x86)\Microsoft SQL Server\110\Tools\Binn\;C:\Program Files\Microsoft SQL Server\110\DTS\Binn\;C:\Program Files (x86)\Microsoft SQL Server\110\Tools\Binn\ManagementStudio\;C:\Program Files (x86)\Microsoft Visual Studio 10.0\Common7\IDE\PrivateAssemblies\;C:\Program Files (x86)\Microsoft SQL Server\110\DTS\Binn\;C:\Program Files (x86)\Skype\Phone\;C:\Program Files\nodejs\;C:\Program Files (x86)\Universal Extractor;C:\Program Files (x86)\Universal Extractor\bin;C:\Program Files (x86)\GtkSharp\2.12\bin;C:\Users\Pocho\AppData\Roaming\npm;C:\Users\Pocho\AppData\Local\atom\bin;C:\Users\Pocho\AppData\Local\Android\sdk\platform-tools
USERNAME=Pocho
OS=Windows_NT
PROCESSOR_IDENTIFIER=Intel64 Family 6 Model 58 Stepping 9, GenuineIntel



---------------  S Y S T E M  ---------------

OS: Windows 8.1 , 64 bit Build 9600 (6.3.9600.17415)

CPU:total 4 (2 cores per cpu, 2 threads per core) family 6 model 58 stepping 9, cmov, cx8, fxsr, mmx, sse, sse2, sse3, ssse3, sse4.1, sse4.2, popcnt, avx, clmul, erms, ht, tsc, tscinvbit, tscinv

Memory: 4k page, physical 8281812k(1758512k free), swap 11427540k(5064k free)

vm_info: OpenJDK 64-Bit Server VM (25.112-b06) for windows-amd64 JRE (1.8.0_112-release-b06), built on Dec  8 2016 00:54:26 by "builder" with MS VC++ 10.0 (VS2010)

time: Thu Apr 27 15:58:40 2017
elapsed time: 4 seconds (0d 0h 0m 4s)

