#
# There is insufficient memory for the Java Runtime Environment to continue.
# Native memory allocation (malloc) failed to allocate 442496 bytes for Chunk::new
# Possible reasons:
#   The system is out of physical RAM or swap space
#   In 32 bit mode, the process size limit was hit
# Possible solutions:
#   Reduce memory load on the system
#   Increase physical memory or swap space
#   Check if swap backing store is full
#   Use 64 bit Java on a 64 bit OS
#   Decrease Java heap size (-Xmx/-Xms)
#   Decrease number of Java threads
#   Decrease Java thread stack sizes (-Xss)
#   Set larger code cache with -XX:ReservedCodeCacheSize=
# This output file may be truncated or incomplete.
#
#  Out of Memory Error (allocation.cpp:390), pid=7036, tid=0x0000000000003a8c
#
# JRE version: OpenJDK Runtime Environment (8.0_76-b03) (build 1.8.0_76-release-b03)
# Java VM: OpenJDK 64-Bit Server VM (25.76-b03 mixed mode windows-amd64 compressed oops)
# Failed to write core dump. Minidumps are not enabled by default on client versions of Windows
#

---------------  T H R E A D  ---------------

Current thread (0x00000000146b4000):  JavaThread "C2 CompilerThread1" daemon [_thread_in_native, id=14988, stack(0x0000000015de0000,0x0000000015ee0000)]

Stack: [0x0000000015de0000,0x0000000015ee0000]
[error occurred during error reporting (printing stack bounds), id 0xc0000005]

Native frames: (J=compiled Java code, j=interpreted, Vv=VM code, C=native code)


Current CompileTask:
C2:   3910 1272       4       com.android.dx.ssa.SCCP::simulatePhi (169 bytes)


---------------  P R O C E S S  ---------------

Java Threads: ( => current thread )
  0x0000000016169800 JavaThread "pool-2-thread-4" [_thread_in_Java, id=9380, stack(0x00000000169e0000,0x0000000016ae0000)]
  0x0000000016166800 JavaThread "pool-2-thread-3" [_thread_in_Java, id=1968, stack(0x00000000168e0000,0x00000000169e0000)]
  0x0000000016165800 JavaThread "pool-2-thread-2" [_thread_in_Java, id=5836, stack(0x00000000167e0000,0x00000000168e0000)]
  0x000000001602f000 JavaThread "pool-3-thread-1" [_thread_blocked, id=3420, stack(0x00000000166e0000,0x00000000167e0000)]
  0x000000001602e800 JavaThread "pool-2-thread-1" [_thread_in_Java, id=5868, stack(0x00000000165e0000,0x00000000166e0000)]
  0x00000000146be800 JavaThread "Service Thread" daemon [_thread_blocked, id=11708, stack(0x00000000163e0000,0x00000000164e0000)]
  0x00000000146bb000 JavaThread "C1 CompilerThread2" daemon [_thread_blocked, id=12056, stack(0x00000000162e0000,0x00000000163e0000)]
=>0x00000000146b4000 JavaThread "C2 CompilerThread1" daemon [_thread_in_native, id=14988, stack(0x0000000015de0000,0x0000000015ee0000)]
  0x000000001465b000 JavaThread "C2 CompilerThread0" daemon [_thread_in_native, id=10532, stack(0x0000000015ce0000,0x0000000015de0000)]
  0x0000000014659800 JavaThread "Attach Listener" daemon [_thread_blocked, id=4060, stack(0x0000000015be0000,0x0000000015ce0000)]
  0x0000000014658000 JavaThread "Signal Dispatcher" daemon [_thread_blocked, id=12844, stack(0x0000000015ae0000,0x0000000015be0000)]
  0x0000000014648800 JavaThread "Finalizer" daemon [_thread_blocked, id=1624, stack(0x00000000158e0000,0x00000000159e0000)]
  0x0000000001e80800 JavaThread "Reference Handler" daemon [_thread_blocked, id=6268, stack(0x00000000157e0000,0x00000000158e0000)]
  0x0000000001d92800 JavaThread "main" [_thread_in_Java, id=10620, stack(0x0000000000500000,0x0000000000600000)]

Other Threads:
  0x0000000014624800 VMThread [stack: 0x00000000156e0000,0x00000000157e0000] [id=5320]
  0x0000000015ee6800 WatcherThread [stack: 0x00000000164e0000,0x00000000165e0000] [id=14788]

VM state:not at safepoint (normal execution)

VM Mutex/Monitor currently owned by a thread: None

Heap:
 PSYoungGen      total 71680K, used 17681K [0x00000000eab00000, 0x00000000f3700000, 0x0000000100000000)
  eden space 66560K, 26% used [0x00000000eab00000,0x00000000ebc44578,0x00000000eec00000)
  from space 5120K, 0% used [0x00000000eec00000,0x00000000eec00000,0x00000000ef100000)
  to   space 5120K, 0% used [0x00000000f3200000,0x00000000f3200000,0x00000000f3700000)
 ParOldGen       total 146432K, used 53790K [0x00000000c0000000, 0x00000000c8f00000, 0x00000000eab00000)
  object space 146432K, 36% used [0x00000000c0000000,0x00000000c3487a70,0x00000000c8f00000)
 Metaspace       used 5724K, capacity 6896K, committed 7040K, reserved 1056768K
  class space    used 559K, capacity 616K, committed 640K, reserved 1048576K

Card table byte_map: [0x0000000011350000,0x0000000011560000] byte_map_base: 0x0000000010d50000

Marking Bits: (ParMarkBitMap*) 0x0000000074719d00
 Begin Bits: [0x0000000011ac0000, 0x0000000012ac0000)
 End Bits:   [0x0000000012ac0000, 0x0000000013ac0000)

Polling page: 0x0000000000600000

CodeCache: size=245760Kb used=5652Kb max_used=5652Kb free=240108Kb
 bounds [0x0000000001f90000, 0x0000000002530000, 0x0000000010f90000]
 total_blobs=1528 nmethods=1267 adapters=175
 compilation: enabled

Compilation events (10 events):
Event: 3.831 Thread 0x000000001465b000 nmethod 1250% 0x00000000025113d0 code [0x0000000002511620, 0x0000000002512fe8]
Event: 3.832 Thread 0x000000001465b000 1281       4       com.android.dx.ssa.SsaMethod::forEachInsn (36 bytes)
Event: 3.835 Thread 0x000000001465b000 nmethod 1281 0x000000000250df10 code [0x000000000250e060, 0x000000000250e288]
Event: 3.835 Thread 0x000000001465b000 1273       4       com.android.dx.ssa.SCCP::simulateBlock (54 bytes)
Event: 3.855 Thread 0x00000000146b4000 nmethod 1271 0x00000000025181d0 code [0x0000000002518480, 0x000000000251a040]
Event: 3.856 Thread 0x00000000146b4000 1272       4       com.android.dx.ssa.SCCP::simulatePhi (169 bytes)
Event: 3.881 Thread 0x00000000146bb000 1305       3       com.android.dx.ssa.DeadCodeRemover::pruneDeadInstructions (246 bytes)
Event: 3.884 Thread 0x00000000146bb000 nmethod 1305 0x000000000251c7d0 code [0x000000000251cbc0, 0x000000000251f3f8]
Event: 3.905 Thread 0x00000000146bb000 1308       2       com.android.dx.ssa.SsaMethod::onInsnsChanged (16 bytes)
Event: 3.906 Thread 0x00000000146bb000 nmethod 1308 0x000000000250db90 code [0x000000000250dce0, 0x000000000250de70]

GC Heap History (8 events):
Event: 1.940 GC heap before
{Heap before GC invocations=1 (full 0):
 PSYoungGen      total 38400K, used 33280K [0x00000000eab00000, 0x00000000ed580000, 0x0000000100000000)
  eden space 33280K, 100% used [0x00000000eab00000,0x00000000ecb80000,0x00000000ecb80000)
  from space 5120K, 0% used [0x00000000ed080000,0x00000000ed080000,0x00000000ed580000)
  to   space 5120K, 0% used [0x00000000ecb80000,0x00000000ecb80000,0x00000000ed080000)
 ParOldGen       total 87552K, used 0K [0x00000000c0000000, 0x00000000c5580000, 0x00000000eab00000)
  object space 87552K, 0% used [0x00000000c0000000,0x00000000c0000000,0x00000000c5580000)
 Metaspace       used 5667K, capacity 6832K, committed 7040K, reserved 1056768K
  class space    used 557K, capacity 616K, committed 640K, reserved 1048576K
Event: 2.020 GC heap after
Heap after GC invocations=1 (full 0):
 PSYoungGen      total 38400K, used 5111K [0x00000000eab00000, 0x00000000ef600000, 0x0000000100000000)
  eden space 33280K, 0% used [0x00000000eab00000,0x00000000eab00000,0x00000000ecb80000)
  from space 5120K, 99% used [0x00000000ecb80000,0x00000000ed07df58,0x00000000ed080000)
  to   space 5120K, 0% used [0x00000000ef100000,0x00000000ef100000,0x00000000ef600000)
 ParOldGen       total 87552K, used 5276K [0x00000000c0000000, 0x00000000c5580000, 0x00000000eab00000)
  object space 87552K, 6% used [0x00000000c0000000,0x00000000c0527008,0x00000000c5580000)
 Metaspace       used 5667K, capacity 6832K, committed 7040K, reserved 1056768K
  class space    used 557K, capacity 616K, committed 640K, reserved 1048576K
}
Event: 2.832 GC heap before
{Heap before GC invocations=2 (full 0):
 PSYoungGen      total 38400K, used 38391K [0x00000000eab00000, 0x00000000ef600000, 0x0000000100000000)
  eden space 33280K, 100% used [0x00000000eab00000,0x00000000ecb80000,0x00000000ecb80000)
  from space 5120K, 99% used [0x00000000ecb80000,0x00000000ed07df58,0x00000000ed080000)
  to   space 5120K, 0% used [0x00000000ef100000,0x00000000ef100000,0x00000000ef600000)
 ParOldGen       total 87552K, used 5276K [0x00000000c0000000, 0x00000000c5580000, 0x00000000eab00000)
  object space 87552K, 6% used [0x00000000c0000000,0x00000000c0527008,0x00000000c5580000)
 Metaspace       used 5687K, capacity 6832K, committed 7040K, reserved 1056768K
  class space    used 558K, capacity 616K, committed 640K, reserved 1048576K
Event: 2.882 GC heap after
Heap after GC invocations=2 (full 0):
 PSYoungGen      total 71680K, used 5113K [0x00000000eab00000, 0x00000000ef600000, 0x0000000100000000)
  eden space 66560K, 0% used [0x00000000eab00000,0x00000000eab00000,0x00000000eec00000)
  from space 5120K, 99% used [0x00000000ef100000,0x00000000ef5fe7a0,0x00000000ef600000)
  to   space 5120K, 0% used [0x00000000eec00000,0x00000000eec00000,0x00000000ef100000)
 ParOldGen       total 87552K, used 23389K [0x00000000c0000000, 0x00000000c5580000, 0x00000000eab00000)
  object space 87552K, 26% used [0x00000000c0000000,0x00000000c16d75a8,0x00000000c5580000)
 Metaspace       used 5687K, capacity 6832K, committed 7040K, reserved 1056768K
  class space    used 558K, capacity 616K, committed 640K, reserved 1048576K
}
Event: 3.344 GC heap before
{Heap before GC invocations=3 (full 0):
 PSYoungGen      total 71680K, used 71673K [0x00000000eab00000, 0x00000000ef600000, 0x0000000100000000)
  eden space 66560K, 100% used [0x00000000eab00000,0x00000000eec00000,0x00000000eec00000)
  from space 5120K, 99% used [0x00000000ef100000,0x00000000ef5fe7a0,0x00000000ef600000)
  to   space 5120K, 0% used [0x00000000eec00000,0x00000000eec00000,0x00000000ef100000)
 ParOldGen       total 87552K, used 23389K [0x00000000c0000000, 0x00000000c5580000, 0x00000000eab00000)
  object space 87552K, 26% used [0x00000000c0000000,0x00000000c16d75a8,0x00000000c5580000)
 Metaspace       used 5703K, capacity 6896K, committed 7040K, reserved 1056768K
  class space    used 559K, capacity 616K, committed 640K, reserved 1048576K
Event: 3.376 GC heap after
Heap after GC invocations=3 (full 0):
 PSYoungGen      total 71680K, used 5119K [0x00000000eab00000, 0x00000000f3700000, 0x0000000100000000)
  eden space 66560K, 0% used [0x00000000eab00000,0x00000000eab00000,0x00000000eec00000)
  from space 5120K, 99% used [0x00000000eec00000,0x00000000ef0ffd90,0x00000000ef100000)
  to   space 5120K, 0% used [0x00000000f3200000,0x00000000f3200000,0x00000000f3700000)
 ParOldGen       total 87552K, used 53909K [0x00000000c0000000, 0x00000000c5580000, 0x00000000eab00000)
  object space 87552K, 61% used [0x00000000c0000000,0x00000000c34a5618,0x00000000c5580000)
 Metaspace       used 5703K, capacity 6896K, committed 7040K, reserved 1056768K
  class space    used 559K, capacity 616K, committed 640K, reserved 1048576K
}
Event: 3.376 GC heap before
{Heap before GC invocations=4 (full 1):
 PSYoungGen      total 71680K, used 5119K [0x00000000eab00000, 0x00000000f3700000, 0x0000000100000000)
  eden space 66560K, 0% used [0x00000000eab00000,0x00000000eab00000,0x00000000eec00000)
  from space 5120K, 99% used [0x00000000eec00000,0x00000000ef0ffd90,0x00000000ef100000)
  to   space 5120K, 0% used [0x00000000f3200000,0x00000000f3200000,0x00000000f3700000)
 ParOldGen       total 87552K, used 53909K [0x00000000c0000000, 0x00000000c5580000, 0x00000000eab00000)
  object space 87552K, 61% used [0x00000000c0000000,0x00000000c34a5618,0x00000000c5580000)
 Metaspace       used 5703K, capacity 6896K, committed 7040K, reserved 1056768K
  class space    used 559K, capacity 616K, committed 640K, reserved 1048576K
Event: 3.746 GC heap after
Heap after GC invocations=4 (full 1):
 PSYoungGen      total 71680K, used 0K [0x00000000eab00000, 0x00000000f3700000, 0x0000000100000000)
  eden space 66560K, 0% used [0x00000000eab00000,0x00000000eab00000,0x00000000eec00000)
  from space 5120K, 0% used [0x00000000eec00000,0x00000000eec00000,0x00000000ef100000)
  to   space 5120K, 0% used [0x00000000f3200000,0x00000000f3200000,0x00000000f3700000)
 ParOldGen       total 146432K, used 53790K [0x00000000c0000000, 0x00000000c8f00000, 0x00000000eab00000)
  object space 146432K, 36% used [0x00000000c0000000,0x00000000c3487a70,0x00000000c8f00000)
 Metaspace       used 5703K, capacity 6896K, committed 7040K, reserved 1056768K
  class space    used 559K, capacity 616K, committed 640K, reserved 1048576K
}

Deoptimization events (10 events):
Event: 0.896 Thread 0x0000000016166800 Uncommon trap: reason=class_check action=maybe_recompile pc=0x000000000212d5b8 method=java.util.HashMap.getNode(ILjava/lang/Object;)Ljava/util/HashMap$Node; @ 126
Event: 0.897 Thread 0x0000000016169800 Uncommon trap: reason=class_check action=maybe_recompile pc=0x000000000212d5b8 method=java.util.HashMap.getNode(ILjava/lang/Object;)Ljava/util/HashMap$Node; @ 126
Event: 0.905 Thread 0x0000000016165800 Uncommon trap: reason=class_check action=maybe_recompile pc=0x000000000212d5b8 method=java.util.HashMap.getNode(ILjava/lang/Object;)Ljava/util/HashMap$Node; @ 126
Event: 1.088 Thread 0x0000000016166800 Uncommon trap: reason=class_check action=maybe_recompile pc=0x000000000212d5b8 method=java.util.HashMap.getNode(ILjava/lang/Object;)Ljava/util/HashMap$Node; @ 126
Event: 1.179 Thread 0x0000000016166800 Uncommon trap: reason=unstable_if action=reinterpret pc=0x00000000021d2f90 method=java.util.HashMap.getNode(ILjava/lang/Object;)Ljava/util/HashMap$Node; @ 62
Event: 1.602 Thread 0x0000000016169800 Uncommon trap: reason=class_check action=maybe_recompile pc=0x000000000232cd3c method=com.android.dx.ssa.NormalSsaInsn.accept(Lcom/android/dx/ssa/SsaInsn$Visitor;)V @ 9
Event: 3.184 Thread 0x0000000001d92800 Uncommon trap: reason=class_check action=maybe_recompile pc=0x000000000232cd3c method=com.android.dx.ssa.NormalSsaInsn.accept(Lcom/android/dx/ssa/SsaInsn$Visitor;)V @ 9
Event: 3.184 Thread 0x0000000001d92800 Uncommon trap: reason=class_check action=maybe_recompile pc=0x000000000232cd3c method=com.android.dx.ssa.NormalSsaInsn.accept(Lcom/android/dx/ssa/SsaInsn$Visitor;)V @ 9
Event: 3.185 Thread 0x0000000001d92800 Uncommon trap: reason=class_check action=maybe_recompile pc=0x000000000232cd3c method=com.android.dx.ssa.NormalSsaInsn.accept(Lcom/android/dx/ssa/SsaInsn$Visitor;)V @ 9
Event: 3.185 Thread 0x0000000001d92800 Uncommon trap: reason=class_check action=maybe_recompile pc=0x000000000231c69c method=com.android.dx.ssa.NormalSsaInsn.accept(Lcom/android/dx/ssa/SsaInsn$Visitor;)V @ 9

Internal exceptions (2 events):
Event: 0.047 Thread 0x0000000001d92800 Exception <a 'java/lang/NoSuchMethodError': Method sun.misc.Unsafe.defineClass(Ljava/lang/String;[BII)Ljava/lang/Class; name or signature does not match> (0x00000000eab07cc0) thrown at [C:\src\android\AOSP-openjdk\external\jetbrains\jdk\hotspot\src\share\vDŒ %®¨?
Event: 0.047 Thread 0x0000000001d92800 Exception <a 'java/lang/NoSuchMethodError': Method sun.misc.Unsafe.prefetchRead(Ljava/lang/Object;J)V name or signature does not match> (0x00000000eab07fa8) thrown at [C:\src\android\AOSP-openjdk\external\jetbrains\jdk\hotspot\src\share\vm\prims\jni.cpp, l

Events (10 events):
Event: 3.795 Thread 0x0000000001d92800 DEOPT PACKING pc=0x000000000250384b sp=0x00000000005fdaf0
Event: 3.795 Thread 0x0000000001d92800 DEOPT UNPACKING pc=0x0000000001fd75bf sp=0x00000000005fd7f0 mode 0
Event: 3.796 Thread 0x0000000001d92800 DEOPT PACKING pc=0x000000000250384b sp=0x00000000005fdaf0
Event: 3.796 Thread 0x0000000001d92800 DEOPT UNPACKING pc=0x0000000001fd75bf sp=0x00000000005fd7f0 mode 0
Event: 3.881 Thread 0x000000001602e800 DEOPT PACKING pc=0x00000000023e2b3b sp=0x00000000166deca0
Event: 3.881 Thread 0x000000001602e800 DEOPT UNPACKING pc=0x0000000001fd75bf sp=0x00000000166dea50 mode 0
Event: 3.884 Thread 0x000000001602e800 DEOPT PACKING pc=0x0000000002337ead sp=0x00000000166deb40
Event: 3.884 Thread 0x000000001602e800 DEOPT UNPACKING pc=0x0000000001fd75bf sp=0x00000000166de920 mode 0
Event: 3.905 Thread 0x0000000016166800 DEOPT PACKING pc=0x0000000002337ead sp=0x00000000169de730
Event: 3.905 Thread 0x0000000016166800 DEOPT UNPACKING pc=0x0000000001fd75bf sp=0x00000000169de510 mode 0


Dynamic libraries:
0x00007ff7bfe20000 - 0x00007ff7bfe51000 	C:\Program Files\Android\Android Studio\jre\bin\java.exe
0x00007ffcc7bc0000 - 0x00007ffcc7d6d000 	C:\Windows\SYSTEM32\ntdll.dll
0x00007ffcc5a80000 - 0x00007ffcc5bbe000 	C:\Windows\system32\KERNEL32.DLL
0x00007ffcc50d0000 - 0x00007ffcc51e5000 	C:\Windows\system32\KERNELBASE.dll
0x00007ffcc53f0000 - 0x00007ffcc549a000 	C:\Windows\system32\ADVAPI32.dll
0x00007ffcc73e0000 - 0x00007ffcc7557000 	C:\Windows\system32\USER32.dll
0x00007ffcc2850000 - 0x00007ffcc2acb000 	C:\Windows\WinSxS\amd64_microsoft.windows.common-controls_6595b64144ccf1df_6.0.9600.18006_none_623f33d3ecbe86e8\COMCTL32.dll
0x00007ffcc5570000 - 0x00007ffcc561a000 	C:\Windows\system32\msvcrt.dll
0x00007ffcc7950000 - 0x00007ffcc79a9000 	C:\Windows\SYSTEM32\sechost.dll
0x00007ffcc5250000 - 0x00007ffcc5390000 	C:\Windows\system32\RPCRT4.dll
0x00007ffcc5cf0000 - 0x00007ffcc5e3f000 	C:\Windows\system32\GDI32.dll
0x00007ffcc50a0000 - 0x00007ffcc50ce000 	C:\Windows\system32\SspiCli.dll
0x00007ffcc5a40000 - 0x00007ffcc5a76000 	C:\Windows\system32\IMM32.DLL
0x00007ffcc5700000 - 0x00007ffcc5852000 	C:\Windows\system32\MSCTF.dll
0x0000000073e80000 - 0x0000000073f52000 	C:\Program Files\Android\Android Studio\jre\jre\bin\msvcr100.dll
0x0000000073f60000 - 0x0000000074794000 	C:\Program Files\Android\Android Studio\jre\jre\bin\server\jvm.dll
0x00007ffcc09e0000 - 0x00007ffcc09e9000 	C:\Windows\SYSTEM32\WSOCK32.dll
0x00007ffcb60c0000 - 0x00007ffcb60e2000 	C:\Windows\SYSTEM32\WINMM.dll
0x00007ffcbea90000 - 0x00007ffcbea9a000 	C:\Windows\SYSTEM32\VERSION.dll
0x00007ffcc7370000 - 0x00007ffcc7377000 	C:\Windows\system32\PSAPI.DLL
0x00007ffcc5390000 - 0x00007ffcc53ea000 	C:\Windows\system32\WS2_32.dll
0x00007ffcb6090000 - 0x00007ffcb60ba000 	C:\Windows\SYSTEM32\WINMMBASE.dll
0x00007ffcc5630000 - 0x00007ffcc5639000 	C:\Windows\system32\NSI.dll
0x00007ffcc4dc0000 - 0x00007ffcc4e0f000 	C:\Windows\SYSTEM32\cfgmgr32.dll
0x00007ffcc3b20000 - 0x00007ffcc3b48000 	C:\Windows\SYSTEM32\DEVOBJ.dll
0x00007ffcc0eb0000 - 0x00007ffcc0ebf000 	C:\Program Files\Android\Android Studio\jre\jre\bin\verify.dll
0x00007ffcbdca0000 - 0x00007ffcbdcc9000 	C:\Program Files\Android\Android Studio\jre\jre\bin\java.dll
0x00007ffcbec90000 - 0x00007ffcbeca6000 	C:\Program Files\Android\Android Studio\jre\jre\bin\zip.dll
0x00007ffcc5e40000 - 0x00007ffcc736a000 	C:\Windows\system32\SHELL32.dll
0x00007ffcc7560000 - 0x00007ffcc7771000 	C:\Windows\SYSTEM32\combase.dll
0x00007ffcc5c80000 - 0x00007ffcc5cd4000 	C:\Windows\system32\SHLWAPI.dll
0x00007ffcc32f0000 - 0x00007ffcc33a2000 	C:\Windows\SYSTEM32\SHCORE.dll
0x00007ffcc4cf0000 - 0x00007ffcc4d05000 	C:\Windows\SYSTEM32\profapi.dll

VM Arguments:
jvm_args: -Djava.awt.headless=true -Xmx1024M -Dfile.encoding=windows-1252 -Duser.country=AR -Duser.language=es -Duser.variant 
java_command: com.android.dx.command.Main --dex --force-jumbo --num-threads=4 --multi-dex --output D:\Documents\PreventaAndroid\build\intermediates\transforms\dex\debug\folders\1000\5\slice_8 D:\Documents\PreventaAndroid\build\intermediates\transforms\instantRunSlicer\debug\folders\1\5\slice_8
java_class_path (initial): C:\Users\Pocho\AppData\Local\Android\sdk\build-tools\24.0.0\lib\dx.jar
Launcher Type: SUN_STANDARD

Environment Variables:
JAVA_HOME=C:\Program Files\Java\jdk1.8.0_91
PATH=C:\ProgramData\Oracle\Java\javapath;C:\Windows\system32;C:\Windows;C:\Windows\System32\Wbem;C:\Windows\System32\WindowsPowerShell\v1.0\;C:\Windows\system32\config\systemprofile\.dnx\bin;C:\Program Files\Microsoft DNX\Dnvm\;C:\Program Files\Microsoft SQL Server\120\Tools\Binn\;C:\Program Files\Git\cmd;C:\Program Files\Microsoft SQL Server\110\Tools\Binn\;C:\Program Files (x86)\Microsoft SQL Server\110\Tools\Binn\;C:\Program Files\Microsoft SQL Server\110\DTS\Binn\;C:\Program Files (x86)\Microsoft SQL Server\110\Tools\Binn\ManagementStudio\;C:\Program Files (x86)\Microsoft Visual Studio 10.0\Common7\IDE\PrivateAssemblies\;C:\Program Files (x86)\Microsoft SQL Server\110\DTS\Binn\;C:\Program Files (x86)\Skype\Phone\;C:\Program Files\nodejs\;C:\Program Files (x86)\Brackets\command;C:\Program Files (x86)\Universal Extractor;C:\Program Files (x86)\Universal Extractor\bin;C:\Program Files (x86)\GtkSharp\2.12\bin;C:\Users\Pocho\AppData\Roaming\npm;C:\Users\Pocho\AppData\Local\atom\bin;C:\Users\Pocho\AppData\Local\Android\sdk\platform-tools
USERNAME=Pocho
OS=Windows_NT
PROCESSOR_IDENTIFIER=Intel64 Family 6 Model 58 Stepping 9, GenuineIntel



---------------  S Y S T E M  ---------------

OS: Windows 8.1 , 64 bit Build 9600 (6.3.9600.17415)

CPU:total 4 (2 cores per cpu, 2 threads per core) family 6 model 58 stepping 9, cmov, cx8, fxsr, mmx, sse, sse2, sse3, ssse3, sse4.1, sse4.2, popcnt, avx, clmul, erms, ht, tsc, tscinvbit, tscinv

Memory: 4k page, physical 8281812k(428404k free), swap 11427540k(5112k free)

vm_info: OpenJDK 64-Bit Server VM (25.76-b03) for windows-amd64 JRE (1.8.0_76-release-b03), built on Jun 29 2016 19:09:20 by "ralucas" with MS VC++ 10.0 (VS2010)

time: Mon Jan 16 12:09:09 2017
elapsed time: 3 seconds (0d 0h 0m 3s)

