#
# There is insufficient memory for the Java Runtime Environment to continue.
# Native memory allocation (malloc) failed to allocate 905776 bytes for Chunk::new
# Possible reasons:
#   The system is out of physical RAM or swap space
#   In 32 bit mode, the process size limit was hit
# Possible solutions:
#   Reduce memory load on the system
#   Increase physical memory or swap space
#   Check if swap backing store is full
#   Use 64 bit Java on a 64 bit OS
#   Decrease Java heap size (-Xmx/-Xms)
#   Decrease number of Java threads
#   Decrease Java thread stack sizes (-Xss)
#   Set larger code cache with -XX:ReservedCodeCacheSize=
# This output file may be truncated or incomplete.
#
#  Out of Memory Error (allocation.cpp:390), pid=12076, tid=0x000000000000342c
#
# JRE version: OpenJDK Runtime Environment (8.0_112-b06) (build 1.8.0_112-release-b06)
# Java VM: OpenJDK 64-Bit Server VM (25.112-b06 mixed mode windows-amd64 compressed oops)
# Failed to write core dump. Minidumps are not enabled by default on client versions of Windows
#

---------------  T H R E A D  ---------------

Current thread (0x0000000014deb000):  JavaThread "C2 CompilerThread0" daemon [_thread_in_native, id=13356, stack(0x0000000016450000,0x0000000016550000)]

Stack: [0x0000000016450000,0x0000000016550000]
[error occurred during error reporting (printing stack bounds), id 0xc0000005]

Native frames: (J=compiled Java code, j=interpreted, Vv=VM code, C=native code)


Current CompileTask:
C2:   2163 1067       4       com.android.dx.rop.code.Rops::ropFor (771 bytes)


---------------  P R O C E S S  ---------------

Java Threads: ( => current thread )
  0x00000000168ac800 JavaThread "pool-2-thread-3" [_thread_in_Java, id=7152, stack(0x0000000017050000,0x0000000017150000)]
  0x00000000167a6800 JavaThread "pool-2-thread-2" [_thread_in_vm, id=18752, stack(0x0000000016f50000,0x0000000017050000)]
  0x00000000167a5800 JavaThread "pool-3-thread-1" [_thread_blocked, id=15520, stack(0x0000000016e50000,0x0000000016f50000)]
  0x00000000167ac800 JavaThread "pool-2-thread-1" [_thread_in_Java, id=16000, stack(0x0000000016d50000,0x0000000016e50000)]
  0x000000001665b000 JavaThread "Service Thread" daemon [_thread_blocked, id=14432, stack(0x0000000016b50000,0x0000000016c50000)]
  0x0000000016658800 JavaThread "C1 CompilerThread2" daemon [_thread_blocked, id=13760, stack(0x0000000016a50000,0x0000000016b50000)]
  0x0000000014e44800 JavaThread "C2 CompilerThread1" daemon [_thread_in_native, id=16580, stack(0x0000000016550000,0x0000000016650000)]
=>0x0000000014deb000 JavaThread "C2 CompilerThread0" daemon [_thread_in_native, id=13356, stack(0x0000000016450000,0x0000000016550000)]
  0x0000000014de9800 JavaThread "Attach Listener" daemon [_thread_blocked, id=8428, stack(0x0000000016350000,0x0000000016450000)]
  0x0000000014de8800 JavaThread "Signal Dispatcher" daemon [_thread_blocked, id=18504, stack(0x0000000016250000,0x0000000016350000)]
  0x0000000014dd8800 JavaThread "Finalizer" daemon [_thread_blocked, id=9284, stack(0x0000000016050000,0x0000000016150000)]
  0x0000000014db6800 JavaThread "Reference Handler" daemon [_thread_blocked, id=6480, stack(0x0000000015f50000,0x0000000016050000)]
  0x0000000002622800 JavaThread "main" [_thread_blocked, id=4584, stack(0x0000000002520000,0x0000000002620000)]

Other Threads:
  0x0000000014db5000 VMThread [stack: 0x0000000015e50000,0x0000000015f50000] [id=7148]
  0x000000001665d800 WatcherThread [stack: 0x0000000016c50000,0x0000000016d50000] [id=8416]

VM state:not at safepoint (normal execution)

VM Mutex/Monitor currently owned by a thread: None

Heap:
 PSYoungGen      total 38400K, used 33280K [0x00000000eab00000, 0x00000000ed580000, 0x0000000100000000)
  eden space 33280K, 100% used [0x00000000eab00000,0x00000000ecb80000,0x00000000ecb80000)
  from space 5120K, 0% used [0x00000000ed080000,0x00000000ed080000,0x00000000ed580000)
  to   space 5120K, 0% used [0x00000000ecb80000,0x00000000ecb80000,0x00000000ed080000)
 ParOldGen       total 87552K, used 0K [0x00000000c0000000, 0x00000000c5580000, 0x00000000eab00000)
  object space 87552K, 0% used [0x00000000c0000000,0x00000000c0000000,0x00000000c5580000)
 Metaspace       used 5655K, capacity 6832K, committed 7040K, reserved 1056768K
  class space    used 561K, capacity 616K, committed 640K, reserved 1048576K

Card table byte_map: [0x0000000011ae0000,0x0000000011cf0000] byte_map_base: 0x00000000114e0000

Marking Bits: (ParMarkBitMap*) 0x0000000061be18f0
 Begin Bits: [0x0000000012250000, 0x0000000013250000)
 End Bits:   [0x0000000013250000, 0x0000000014250000)

Polling page: 0x0000000000d20000

CodeCache: size=245760Kb used=4570Kb max_used=4570Kb free=241189Kb
 bounds [0x0000000002720000, 0x0000000002ba0000, 0x0000000011720000]
 total_blobs=1340 nmethods=1079 adapters=175
 compilation: enabled

Compilation events (10 events):
Event: 2.029 Thread 0x0000000016658800 1079       3       com.android.dx.ssa.PhiTypeResolver::equalsHandlesNulls (23 bytes)
Event: 2.030 Thread 0x0000000016658800 nmethod 1079 0x0000000002b8fc50 code [0x0000000002b8fde0, 0x0000000002b90228]
Event: 2.034 Thread 0x0000000016658800 1080       2       com.android.dx.ssa.NormalSsaInsn::accept (25 bytes)
Event: 2.034 Thread 0x0000000016658800 nmethod 1080 0x0000000002b8f7d0 code [0x0000000002b8f940, 0x0000000002b8fb38]
Event: 2.036 Thread 0x0000000016658800 1081       3       com.android.dx.ssa.SsaBasicBlock::addMoveToEnd (172 bytes)
Event: 2.039 Thread 0x0000000016658800 nmethod 1081 0x0000000002b96010 code [0x0000000002b963a0, 0x0000000002b982c8]
Event: 2.153 Thread 0x0000000016658800 1085       3       java.lang.String::<init> (15 bytes)
Event: 2.154 Thread 0x0000000016658800 nmethod 1085 0x0000000002b99890 code [0x0000000002b99a20, 0x0000000002b99e08]
Event: 2.158 Thread 0x0000000016658800 1087       1       com.android.dx.rop.cst.TypedConstant::getFrameType (2 bytes)
Event: 2.158 Thread 0x0000000016658800 nmethod 1087 0x0000000002b8a810 code [0x0000000002b8a960, 0x0000000002b8aa70]

GC Heap History (0 events):
No events

Deoptimization events (10 events):
Event: 1.886 Thread 0x00000000167ac800 Uncommon trap: reason=class_check action=maybe_recompile pc=0x0000000002b3e950 method=com.android.dx.cf.code.BaseMachine.getLocalTarget(Z)Lcom/android/dx/rop/code/RegisterSpec; @ 70
Event: 1.886 Thread 0x00000000167ac800 Uncommon trap: reason=unstable_if action=reinterpret pc=0x0000000002a00d44 method=com.android.dx.cf.code.Ropper.labelToResultIndex(I)I @ 34
Event: 1.886 Thread 0x00000000167ac800 Uncommon trap: reason=class_check action=maybe_recompile pc=0x0000000002a471a0 method=com.android.dx.rop.type.Type.equals(Ljava/lang/Object;)Z @ 8
Event: 1.887 Thread 0x00000000167ac800 Uncommon trap: reason=class_check action=maybe_recompile pc=0x0000000002a471a0 method=com.android.dx.rop.type.Type.equals(Ljava/lang/Object;)Z @ 8
Event: 1.888 Thread 0x00000000167ac800 Uncommon trap: reason=class_check action=maybe_recompile pc=0x0000000002a471a0 method=com.android.dx.rop.type.Type.equals(Ljava/lang/Object;)Z @ 8
Event: 1.888 Thread 0x00000000167ac800 Uncommon trap: reason=class_check action=maybe_recompile pc=0x0000000002a471a0 method=com.android.dx.rop.type.Type.equals(Ljava/lang/Object;)Z @ 8
Event: 1.890 Thread 0x00000000167ac800 Uncommon trap: reason=class_check action=maybe_recompile pc=0x0000000002a3ae5c method=com.android.dx.ssa.NormalSsaInsn.accept(Lcom/android/dx/ssa/SsaInsn$Visitor;)V @ 9
Event: 1.891 Thread 0x00000000167ac800 Uncommon trap: reason=unstable_if action=reinterpret pc=0x0000000002b26d08 method=com.android.dx.util.LabeledList.set(ILcom/android/dx/util/LabeledItem;)V @ 16
Event: 1.898 Thread 0x00000000167ac800 Uncommon trap: reason=unstable_if action=reinterpret pc=0x0000000002b763bc method=com.android.dx.ssa.SCCP.simulateStmt(Lcom/android/dx/ssa/SsaInsn;)V @ 469
Event: 2.034 Thread 0x00000000168b1000 Uncommon trap: reason=class_check action=maybe_recompile pc=0x0000000002a3ae5c method=com.android.dx.ssa.NormalSsaInsn.accept(Lcom/android/dx/ssa/SsaInsn$Visitor;)V @ 9

Internal exceptions (2 events):
Event: 0.187 Thread 0x0000000002622800 Exception <a 'java/lang/NoSuchMethodError': Method sun.misc.Unsafe.defineClass(Ljava/lang/String;[BII)Ljava/lang/Class; name or signature does not match> (0x00000000eab07c78) thrown at [C:\src\android\AOSP-openjdk\external\jetbrains\jdk\hotspot\src\share\vO\?;???
Event: 0.187 Thread 0x0000000002622800 Exception <a 'java/lang/NoSuchMethodError': Method sun.misc.Unsafe.prefetchRead(Ljava/lang/Object;J)V name or signature does not match> (0x00000000eab07f60) thrown at [C:\src\android\AOSP-openjdk\external\jetbrains\jdk\hotspot\src\share\vm\prims\jni.cpp, l

Events (10 events):
Event: 1.924 Thread 0x00000000168ac800 DEOPT PACKING pc=0x0000000002b74cc2 sp=0x000000001714e9e0
Event: 1.925 Thread 0x00000000168ac800 DEOPT UNPACKING pc=0x00000000027675bf sp=0x000000001714e748 mode 0
Event: 1.926 Thread 0x00000000168ac800 DEOPT PACKING pc=0x0000000002b74cc2 sp=0x000000001714e9e0
Event: 1.926 Thread 0x00000000168ac800 DEOPT UNPACKING pc=0x00000000027675bf sp=0x000000001714e748 mode 0
Event: 1.928 Thread 0x00000000168ac800 DEOPT PACKING pc=0x0000000002b74cc2 sp=0x000000001714e9e0
Event: 1.928 Thread 0x00000000168ac800 DEOPT UNPACKING pc=0x00000000027675bf sp=0x000000001714e748 mode 0
Event: 2.034 Thread 0x00000000168b1000 Uncommon trap: trap_request=0xffffffde fr.pc=0x0000000002a3ae5c
Event: 2.034 Thread 0x00000000168b1000 DEOPT PACKING pc=0x0000000002a3ae5c sp=0x000000001724e6a0
Event: 2.034 Thread 0x00000000168b1000 DEOPT UNPACKING pc=0x000000000276556a sp=0x000000001724e6e0 mode 2
Event: 2.059 Thread 0x00000000168b1000 Thread exited: 0x00000000168b1000


Dynamic libraries:
0x00007ff62f2b0000 - 0x00007ff62f2e1000 	C:\Program Files\Android\Android Studio\jre\bin\java.exe
0x00007ff9e5f10000 - 0x00007ff9e60bd000 	C:\Windows\SYSTEM32\ntdll.dll
0x00007ff9e5dd0000 - 0x00007ff9e5f0e000 	C:\Windows\system32\KERNEL32.DLL
0x00007ff9e3340000 - 0x00007ff9e3455000 	C:\Windows\system32\KERNELBASE.dll
0x00007ff9e5690000 - 0x00007ff9e573a000 	C:\Windows\system32\ADVAPI32.dll
0x00007ff9e5a20000 - 0x00007ff9e5b97000 	C:\Windows\system32\USER32.dll
0x00007ff9e0760000 - 0x00007ff9e09db000 	C:\Windows\WinSxS\amd64_microsoft.windows.common-controls_6595b64144ccf1df_6.0.9600.18006_none_623f33d3ecbe86e8\COMCTL32.dll
0x00007ff9e52b0000 - 0x00007ff9e535a000 	C:\Windows\system32\msvcrt.dll
0x00007ff9e35a0000 - 0x00007ff9e35f9000 	C:\Windows\SYSTEM32\sechost.dll
0x00007ff9e5070000 - 0x00007ff9e51b0000 	C:\Windows\system32\RPCRT4.dll
0x00007ff9e5530000 - 0x00007ff9e567f000 	C:\Windows\system32\GDI32.dll
0x00007ff9e3510000 - 0x00007ff9e353e000 	C:\Windows\system32\SspiCli.dll
0x00007ff9e59e0000 - 0x00007ff9e5a16000 	C:\Windows\system32\IMM32.DLL
0x00007ff9e53d0000 - 0x00007ff9e5522000 	C:\Windows\system32\MSCTF.dll
0x00000000623a0000 - 0x0000000062472000 	C:\Program Files\Android\Android Studio\jre\jre\bin\msvcr100.dll
0x0000000061420000 - 0x0000000061c5c000 	C:\Program Files\Android\Android Studio\jre\jre\bin\server\jvm.dll
0x00007ff9d4030000 - 0x00007ff9d4039000 	C:\Windows\SYSTEM32\WSOCK32.dll
0x00007ff9d41a0000 - 0x00007ff9d41c2000 	C:\Windows\SYSTEM32\WINMM.dll
0x00007ff9daaa0000 - 0x00007ff9daaaa000 	C:\Windows\SYSTEM32\VERSION.dll
0x00007ff9e5290000 - 0x00007ff9e5297000 	C:\Windows\system32\PSAPI.DLL
0x00007ff9e3600000 - 0x00007ff9e365a000 	C:\Windows\system32\WS2_32.dll
0x00007ff9d4170000 - 0x00007ff9d419a000 	C:\Windows\SYSTEM32\WINMMBASE.dll
0x00007ff9e5680000 - 0x00007ff9e5689000 	C:\Windows\system32\NSI.dll
0x00007ff9e3110000 - 0x00007ff9e315f000 	C:\Windows\SYSTEM32\cfgmgr32.dll
0x00007ff9e1e60000 - 0x00007ff9e1e88000 	C:\Windows\SYSTEM32\DEVOBJ.dll
0x00007ff9d3d70000 - 0x00007ff9d3d7f000 	C:\Program Files\Android\Android Studio\jre\jre\bin\verify.dll
0x00007ff9c8c60000 - 0x00007ff9c8c89000 	C:\Program Files\Android\Android Studio\jre\jre\bin\java.dll
0x00007ff9c73c0000 - 0x00007ff9c73d6000 	C:\Program Files\Android\Android Studio\jre\jre\bin\zip.dll
0x00007ff9e3660000 - 0x00007ff9e4b8a000 	C:\Windows\system32\SHELL32.dll
0x00007ff9e5ba0000 - 0x00007ff9e5db1000 	C:\Windows\SYSTEM32\combase.dll
0x00007ff9e5740000 - 0x00007ff9e5794000 	C:\Windows\system32\SHLWAPI.dll
0x00007ff9e13c0000 - 0x00007ff9e1472000 	C:\Windows\SYSTEM32\SHCORE.dll
0x00007ff9e3040000 - 0x00007ff9e3055000 	C:\Windows\SYSTEM32\profapi.dll

VM Arguments:
jvm_args: -Djava.awt.headless=true -Xmx1024M -Dfile.encoding=windows-1252 -Duser.country=AR -Duser.language=es -Duser.variant 
java_command: com.android.dx.command.Main --dex --force-jumbo --num-threads=4 --multi-dex --output D:\Documents\PreventaAndroid\build\intermediates\transforms\dex\debug\folders\1000\5\slice_3 D:\Documents\PreventaAndroid\build\intermediates\transforms\instantRunSlicer\debug\folders\1\5\slice_3
java_class_path (initial): C:\Users\Pocho\AppData\Local\Android\sdk\build-tools\25.0.0\lib\dx.jar
Launcher Type: SUN_STANDARD

Environment Variables:
JAVA_HOME=C:\Program Files\Java\jdk1.8.0_91
PATH=C:\ProgramData\Oracle\Java\javapath;C:\Windows\system32;C:\Windows;C:\Windows\System32\Wbem;C:\Windows\System32\WindowsPowerShell\v1.0\;C:\Windows\system32\config\systemprofile\.dnx\bin;C:\Program Files\Microsoft DNX\Dnvm\;C:\Program Files\Microsoft SQL Server\120\Tools\Binn\;C:\Program Files\Git\cmd;C:\Program Files\Microsoft SQL Server\110\Tools\Binn\;C:\Program Files (x86)\Microsoft SQL Server\110\Tools\Binn\;C:\Program Files\Microsoft SQL Server\110\DTS\Binn\;C:\Program Files (x86)\Microsoft SQL Server\110\Tools\Binn\ManagementStudio\;C:\Program Files (x86)\Microsoft Visual Studio 10.0\Common7\IDE\PrivateAssemblies\;C:\Program Files (x86)\Microsoft SQL Server\110\DTS\Binn\;C:\Program Files (x86)\Skype\Phone\;C:\Program Files\nodejs\;C:\Program Files (x86)\Universal Extractor;C:\Program Files (x86)\Universal Extractor\bin;C:\Program Files (x86)\GtkSharp\2.12\bin;C:\Users\Pocho\AppData\Roaming\npm;C:\Users\Pocho\AppData\Local\atom\bin;C:\Users\Pocho\AppData\Local\Android\sdk\platform-tools
USERNAME=Pocho
OS=Windows_NT
PROCESSOR_IDENTIFIER=Intel64 Family 6 Model 58 Stepping 9, GenuineIntel



---------------  S Y S T E M  ---------------

OS: Windows 8.1 , 64 bit Build 9600 (6.3.9600.17415)

CPU:total 4 (2 cores per cpu, 2 threads per core) family 6 model 58 stepping 9, cmov, cx8, fxsr, mmx, sse, sse2, sse3, ssse3, sse4.1, sse4.2, popcnt, avx, clmul, erms, ht, tsc, tscinvbit, tscinv

Memory: 4k page, physical 8281812k(1797836k free), swap 11427540k(5384k free)

vm_info: OpenJDK 64-Bit Server VM (25.112-b06) for windows-amd64 JRE (1.8.0_112-release-b06), built on Dec  8 2016 00:54:26 by "builder" with MS VC++ 10.0 (VS2010)

time: Thu Apr 27 15:58:08 2017
elapsed time: 2 seconds (0d 0h 0m 2s)

