#
# There is insufficient memory for the Java Runtime Environment to continue.
# Native memory allocation (malloc) failed to allocate 244960 bytes for Chunk::new
# Possible reasons:
#   The system is out of physical RAM or swap space
#   In 32 bit mode, the process size limit was hit
# Possible solutions:
#   Reduce memory load on the system
#   Increase physical memory or swap space
#   Check if swap backing store is full
#   Use 64 bit Java on a 64 bit OS
#   Decrease Java heap size (-Xmx/-Xms)
#   Decrease number of Java threads
#   Decrease Java thread stack sizes (-Xss)
#   Set larger code cache with -XX:ReservedCodeCacheSize=
# This output file may be truncated or incomplete.
#
#  Out of Memory Error (allocation.cpp:390), pid=12576, tid=0x00000000000036b4
#
# JRE version: OpenJDK Runtime Environment (8.0_112-b06) (build 1.8.0_112-release-b06)
# Java VM: OpenJDK 64-Bit Server VM (25.112-b06 mixed mode windows-amd64 compressed oops)
# Failed to write core dump. Minidumps are not enabled by default on client versions of Windows
#

---------------  T H R E A D  ---------------

Current thread (0x0000000014d6c000):  JavaThread "C2 CompilerThread0" daemon [_thread_in_native, id=14004, stack(0x00000000163c0000,0x00000000164c0000)]

Stack: [0x00000000163c0000,0x00000000164c0000]
[error occurred during error reporting (printing stack bounds), id 0xc0000005]

Native frames: (J=compiled Java code, j=interpreted, Vv=VM code, C=native code)


Current CompileTask:
C2:   2196  664       4       com.android.dx.ssa.NormalSsaInsn::accept (25 bytes)


---------------  P R O C E S S  ---------------

Java Threads: ( => current thread )
  0x0000000016915800 JavaThread "pool-2-thread-4" [_thread_in_Java, id=376, stack(0x00000000170c0000,0x00000000171c0000)]
  0x0000000016910800 JavaThread "pool-2-thread-3" [_thread_in_vm, id=10556, stack(0x0000000016fc0000,0x00000000170c0000)]
  0x000000001680d800 JavaThread "pool-2-thread-2" [_thread_in_Java, id=10860, stack(0x0000000016ec0000,0x0000000016fc0000)]
  0x000000001680d000 JavaThread "pool-3-thread-1" [_thread_blocked, id=8228, stack(0x0000000016dc0000,0x0000000016ec0000)]
  0x0000000016813000 JavaThread "pool-2-thread-1" [_thread_in_Java, id=10732, stack(0x0000000016cc0000,0x0000000016dc0000)]
  0x00000000166c4000 JavaThread "Service Thread" daemon [_thread_blocked, id=8524, stack(0x0000000016ac0000,0x0000000016bc0000)]
  0x0000000014dcc000 JavaThread "C1 CompilerThread2" daemon [_thread_blocked, id=2696, stack(0x00000000165c0000,0x00000000166c0000)]
  0x0000000014dc5800 JavaThread "C2 CompilerThread1" daemon [_thread_in_native, id=15192, stack(0x00000000164c0000,0x00000000165c0000)]
=>0x0000000014d6c000 JavaThread "C2 CompilerThread0" daemon [_thread_in_native, id=14004, stack(0x00000000163c0000,0x00000000164c0000)]
  0x0000000014d6a800 JavaThread "Attach Listener" daemon [_thread_blocked, id=13924, stack(0x00000000162c0000,0x00000000163c0000)]
  0x0000000014d69800 JavaThread "Signal Dispatcher" daemon [_thread_blocked, id=17272, stack(0x00000000161c0000,0x00000000162c0000)]
  0x0000000014d58800 JavaThread "Finalizer" daemon [_thread_blocked, id=8104, stack(0x0000000015fc0000,0x00000000160c0000)]
  0x0000000014d36800 JavaThread "Reference Handler" daemon [_thread_blocked, id=15684, stack(0x0000000015ec0000,0x0000000015fc0000)]
  0x00000000025a2800 JavaThread "main" [_thread_in_vm, id=5056, stack(0x0000000002490000,0x0000000002590000)]

Other Threads:
  0x0000000014d35000 VMThread [stack: 0x0000000015dc0000,0x0000000015ec0000] [id=16456]
  0x00000000166c6000 WatcherThread [stack: 0x0000000016bc0000,0x0000000016cc0000] [id=6400]

VM state:not at safepoint (normal execution)

VM Mutex/Monitor currently owned by a thread: None

Heap:
 PSYoungGen      total 38400K, used 14661K [0x00000000eab00000, 0x00000000ed580000, 0x0000000100000000)
  eden space 33280K, 44% used [0x00000000eab00000,0x00000000eb9517b8,0x00000000ecb80000)
  from space 5120K, 0% used [0x00000000ed080000,0x00000000ed080000,0x00000000ed580000)
  to   space 5120K, 0% used [0x00000000ecb80000,0x00000000ecb80000,0x00000000ed080000)
 ParOldGen       total 87552K, used 0K [0x00000000c0000000, 0x00000000c5580000, 0x00000000eab00000)
  object space 87552K, 0% used [0x00000000c0000000,0x00000000c0000000,0x00000000c5580000)
 Metaspace       used 5499K, capacity 6704K, committed 6784K, reserved 1056768K
  class space    used 549K, capacity 616K, committed 640K, reserved 1048576K

Card table byte_map: [0x0000000011a60000,0x0000000011c70000] byte_map_base: 0x0000000011460000

Marking Bits: (ParMarkBitMap*) 0x0000000061be18f0
 Begin Bits: [0x00000000121d0000, 0x00000000131d0000)
 End Bits:   [0x00000000131d0000, 0x00000000141d0000)

Polling page: 0x00000000023d0000

CodeCache: size=245760Kb used=3171Kb max_used=3171Kb free=242588Kb
 bounds [0x00000000026a0000, 0x00000000029c0000, 0x00000000116a0000]
 total_blobs=978 nmethods=718 adapters=174
 compilation: enabled

Compilation events (10 events):
Event: 2.192 Thread 0x0000000014dcc000  704       3       com.android.dx.ssa.LocalVariableInfo::mergeStarts (59 bytes)
Event: 2.192 Thread 0x0000000014dcc000 nmethod 704 0x00000000029b7cd0 code [0x00000000029b7ea0, 0x00000000029b85b8]
Event: 2.192 Thread 0x0000000014dcc000  700       3       com.android.dx.rop.code.BasicBlockList$RegCountVisitor::visitThrowingCstInsn (6 bytes)
Event: 2.192 Thread 0x0000000014dcc000 nmethod 700 0x00000000029b8990 code [0x00000000029b8b00, 0x00000000029b8c88]
Event: 2.192 Thread 0x0000000014dcc000  708       3       com.android.dx.ssa.SCCP::setLatticeValueTo (67 bytes)
Event: 2.193 Thread 0x0000000014dcc000 nmethod 708 0x00000000029b8d10 code [0x00000000029b8ec0, 0x00000000029b9428]
Event: 2.193 Thread 0x0000000014dcc000  707       3       java.util.HashMap::afterNodeAccess (1 bytes)
Event: 2.193 Thread 0x0000000014dcc000 nmethod 707 0x00000000029b9790 code [0x00000000029b98e0, 0x00000000029b9a30]
Event: 2.193 Thread 0x0000000014dcc000  726       1       java.util.TreeMap::access$100 (5 bytes)
Event: 2.193 Thread 0x0000000014dcc000 nmethod 726 0x00000000029b9a90 code [0x00000000029b9be0, 0x00000000029b9cd0]

GC Heap History (0 events):
No events

Deoptimization events (1 events):
Event: 1.776 Thread 0x00000000025a2800 Uncommon trap: reason=unstable_if action=reinterpret pc=0x00000000028c34b4 method=java.util.HashMap.getNode(ILjava/lang/Object;)Ljava/util/HashMap$Node; @ 62

Internal exceptions (2 events):
Event: 0.300 Thread 0x00000000025a2800 Exception <a 'java/lang/NoSuchMethodError': Method sun.misc.Unsafe.defineClass(Ljava/lang/String;[BII)Ljava/lang/Class; name or signature does not match> (0x00000000eab07c78) thrown at [C:\src\android\AOSP-openjdk\external\jetbrains\jdk\hotspot\src\share\v’ß÷:<”?
Event: 0.301 Thread 0x00000000025a2800 Exception <a 'java/lang/NoSuchMethodError': Method sun.misc.Unsafe.prefetchRead(Ljava/lang/Object;J)V name or signature does not match> (0x00000000eab07f60) thrown at [C:\src\android\AOSP-openjdk\external\jetbrains\jdk\hotspot\src\share\vm\prims\jni.cpp, l

Events (10 events):
Event: 2.034 loading class com/android/dx/rop/annotation/AnnotationsList
Event: 2.034 loading class com/android/dx/rop/annotation/AnnotationsList done
Event: 2.034 loading class com/android/dx/dex/file/MethodIdItem
Event: 2.034 loading class com/android/dx/dex/file/MethodIdItem done
Event: 2.035 loading class com/android/dx/cf/code/SwitchList
Event: 2.035 loading class com/android/dx/cf/code/SwitchList done
Event: 2.049 loading class com/android/dx/ssa/back/FirstFitLocalCombiningAllocator$Multiset
Event: 2.049 loading class com/android/dx/ssa/back/FirstFitLocalCombiningAllocator$Multiset done
Event: 2.051 loading class java/util/DualPivotQuicksort
Event: 2.051 loading class java/util/DualPivotQuicksort done


Dynamic libraries:
0x00007ff62f2b0000 - 0x00007ff62f2e1000 	C:\Program Files\Android\Android Studio\jre\bin\java.exe
0x00007ff9e5f10000 - 0x00007ff9e60bd000 	C:\Windows\SYSTEM32\ntdll.dll
0x00007ff9e5dd0000 - 0x00007ff9e5f0e000 	C:\Windows\system32\KERNEL32.DLL
0x00007ff9e3340000 - 0x00007ff9e3455000 	C:\Windows\system32\KERNELBASE.dll
0x00007ff9e5690000 - 0x00007ff9e573a000 	C:\Windows\system32\ADVAPI32.dll
0x00007ff9e5a20000 - 0x00007ff9e5b97000 	C:\Windows\system32\USER32.dll
0x00007ff9e0760000 - 0x00007ff9e09db000 	C:\Windows\WinSxS\amd64_microsoft.windows.common-controls_6595b64144ccf1df_6.0.9600.18006_none_623f33d3ecbe86e8\COMCTL32.dll
0x00007ff9e52b0000 - 0x00007ff9e535a000 	C:\Windows\system32\msvcrt.dll
0x00007ff9e35a0000 - 0x00007ff9e35f9000 	C:\Windows\SYSTEM32\sechost.dll
0x00007ff9e5070000 - 0x00007ff9e51b0000 	C:\Windows\system32\RPCRT4.dll
0x00007ff9e5530000 - 0x00007ff9e567f000 	C:\Windows\system32\GDI32.dll
0x00007ff9e3510000 - 0x00007ff9e353e000 	C:\Windows\system32\SspiCli.dll
0x00007ff9e59e0000 - 0x00007ff9e5a16000 	C:\Windows\system32\IMM32.DLL
0x00007ff9e53d0000 - 0x00007ff9e5522000 	C:\Windows\system32\MSCTF.dll
0x00000000623a0000 - 0x0000000062472000 	C:\Program Files\Android\Android Studio\jre\jre\bin\msvcr100.dll
0x0000000061420000 - 0x0000000061c5c000 	C:\Program Files\Android\Android Studio\jre\jre\bin\server\jvm.dll
0x00007ff9d4030000 - 0x00007ff9d4039000 	C:\Windows\SYSTEM32\WSOCK32.dll
0x00007ff9d41a0000 - 0x00007ff9d41c2000 	C:\Windows\SYSTEM32\WINMM.dll
0x00007ff9daaa0000 - 0x00007ff9daaaa000 	C:\Windows\SYSTEM32\VERSION.dll
0x00007ff9e5290000 - 0x00007ff9e5297000 	C:\Windows\system32\PSAPI.DLL
0x00007ff9e3600000 - 0x00007ff9e365a000 	C:\Windows\system32\WS2_32.dll
0x00007ff9d4170000 - 0x00007ff9d419a000 	C:\Windows\SYSTEM32\WINMMBASE.dll
0x00007ff9e5680000 - 0x00007ff9e5689000 	C:\Windows\system32\NSI.dll
0x00007ff9e3110000 - 0x00007ff9e315f000 	C:\Windows\SYSTEM32\cfgmgr32.dll
0x00007ff9e1e60000 - 0x00007ff9e1e88000 	C:\Windows\SYSTEM32\DEVOBJ.dll
0x00007ff9d3d70000 - 0x00007ff9d3d7f000 	C:\Program Files\Android\Android Studio\jre\jre\bin\verify.dll
0x00007ff9c8c60000 - 0x00007ff9c8c89000 	C:\Program Files\Android\Android Studio\jre\jre\bin\java.dll
0x00007ff9c73c0000 - 0x00007ff9c73d6000 	C:\Program Files\Android\Android Studio\jre\jre\bin\zip.dll
0x00007ff9e3660000 - 0x00007ff9e4b8a000 	C:\Windows\system32\SHELL32.dll
0x00007ff9e5ba0000 - 0x00007ff9e5db1000 	C:\Windows\SYSTEM32\combase.dll
0x00007ff9e5740000 - 0x00007ff9e5794000 	C:\Windows\system32\SHLWAPI.dll
0x00007ff9e13c0000 - 0x00007ff9e1472000 	C:\Windows\SYSTEM32\SHCORE.dll
0x00007ff9e3040000 - 0x00007ff9e3055000 	C:\Windows\SYSTEM32\profapi.dll

VM Arguments:
jvm_args: -Djava.awt.headless=true -Xmx1024M -Dfile.encoding=windows-1252 -Duser.country=AR -Duser.language=es -Duser.variant 
java_command: com.android.dx.command.Main --dex --force-jumbo --num-threads=4 --multi-dex --output D:\Documents\PreventaAndroid\build\intermediates\transforms\dex\debug\folders\1000\5\slice_2 D:\Documents\PreventaAndroid\build\intermediates\transforms\instantRunSlicer\debug\folders\1\5\slice_2
java_class_path (initial): C:\Users\Pocho\AppData\Local\Android\sdk\build-tools\25.0.0\lib\dx.jar
Launcher Type: SUN_STANDARD

Environment Variables:
JAVA_HOME=C:\Program Files\Java\jdk1.8.0_91
PATH=C:\ProgramData\Oracle\Java\javapath;C:\Windows\system32;C:\Windows;C:\Windows\System32\Wbem;C:\Windows\System32\WindowsPowerShell\v1.0\;C:\Windows\system32\config\systemprofile\.dnx\bin;C:\Program Files\Microsoft DNX\Dnvm\;C:\Program Files\Microsoft SQL Server\120\Tools\Binn\;C:\Program Files\Git\cmd;C:\Program Files\Microsoft SQL Server\110\Tools\Binn\;C:\Program Files (x86)\Microsoft SQL Server\110\Tools\Binn\;C:\Program Files\Microsoft SQL Server\110\DTS\Binn\;C:\Program Files (x86)\Microsoft SQL Server\110\Tools\Binn\ManagementStudio\;C:\Program Files (x86)\Microsoft Visual Studio 10.0\Common7\IDE\PrivateAssemblies\;C:\Program Files (x86)\Microsoft SQL Server\110\DTS\Binn\;C:\Program Files (x86)\Skype\Phone\;C:\Program Files\nodejs\;C:\Program Files (x86)\Universal Extractor;C:\Program Files (x86)\Universal Extractor\bin;C:\Program Files (x86)\GtkSharp\2.12\bin;C:\Users\Pocho\AppData\Roaming\npm;C:\Users\Pocho\AppData\Local\atom\bin;C:\Users\Pocho\AppData\Local\Android\sdk\platform-tools
USERNAME=Pocho
OS=Windows_NT
PROCESSOR_IDENTIFIER=Intel64 Family 6 Model 58 Stepping 9, GenuineIntel



---------------  S Y S T E M  ---------------

OS: Windows 8.1 , 64 bit Build 9600 (6.3.9600.17415)

CPU:total 4 (2 cores per cpu, 2 threads per core) family 6 model 58 stepping 9, cmov, cx8, fxsr, mmx, sse, sse2, sse3, ssse3, sse4.1, sse4.2, popcnt, avx, clmul, erms, ht, tsc, tscinvbit, tscinv

Memory: 4k page, physical 8281812k(1775672k free), swap 11427540k(4084k free)

vm_info: OpenJDK 64-Bit Server VM (25.112-b06) for windows-amd64 JRE (1.8.0_112-release-b06), built on Dec  8 2016 00:54:26 by "builder" with MS VC++ 10.0 (VS2010)

time: Thu Apr 27 15:58:08 2017
elapsed time: 2 seconds (0d 0h 0m 2s)

