#
# There is insufficient memory for the Java Runtime Environment to continue.
# Native memory allocation (malloc) failed to allocate 32744 bytes for ChunkPool::allocate
# Possible reasons:
#   The system is out of physical RAM or swap space
#   In 32 bit mode, the process size limit was hit
# Possible solutions:
#   Reduce memory load on the system
#   Increase physical memory or swap space
#   Check if swap backing store is full
#   Use 64 bit Java on a 64 bit OS
#   Decrease Java heap size (-Xmx/-Xms)
#   Decrease number of Java threads
#   Decrease Java thread stack sizes (-Xss)
#   Set larger code cache with -XX:ReservedCodeCacheSize=
# This output file may be truncated or incomplete.
#
#  Out of Memory Error (allocation.cpp:273), pid=7836, tid=0x0000000000000e00
#
# JRE version: OpenJDK Runtime Environment (8.0_76-b03) (build 1.8.0_76-release-b03)
# Java VM: OpenJDK 64-Bit Server VM (25.76-b03 mixed mode windows-amd64 compressed oops)
# Failed to write core dump. Minidumps are not enabled by default on client versions of Windows
#

---------------  T H R E A D  ---------------

Current thread (0x0000000014e6c000):  JavaThread "C1 CompilerThread2" daemon [_thread_in_native, id=3584, stack(0x0000000016680000,0x0000000016780000)]

Stack: [0x0000000016680000,0x0000000016780000]
[error occurred during error reporting (printing stack bounds), id 0xc0000005]

Native frames: (J=compiled Java code, j=interpreted, Vv=VM code, C=native code)


Current CompileTask:
C1:   2580   83       3       sun.nio.cs.UTF_8$Decoder::decode (779 bytes)


---------------  P R O C E S S  ---------------

Java Threads: ( => current thread )
  0x0000000016784000 JavaThread "Service Thread" daemon [_thread_blocked, id=9392, stack(0x0000000016b80000,0x0000000016c80000)]
=>0x0000000014e6c000 JavaThread "C1 CompilerThread2" daemon [_thread_in_native, id=3584, stack(0x0000000016680000,0x0000000016780000)]
  0x0000000014e65000 JavaThread "C2 CompilerThread1" daemon [_thread_blocked, id=13656, stack(0x0000000016580000,0x0000000016680000)]
  0x0000000014e0c000 JavaThread "C2 CompilerThread0" daemon [_thread_blocked, id=9424, stack(0x0000000016480000,0x0000000016580000)]
  0x0000000014e0a800 JavaThread "Attach Listener" daemon [_thread_blocked, id=3892, stack(0x0000000016380000,0x0000000016480000)]
  0x0000000014e09000 JavaThread "Signal Dispatcher" daemon [_thread_blocked, id=4856, stack(0x0000000016280000,0x0000000016380000)]
  0x0000000014df8800 JavaThread "Finalizer" daemon [_thread_blocked, id=7676, stack(0x0000000016080000,0x0000000016180000)]
  0x0000000002730800 JavaThread "Reference Handler" daemon [_thread_blocked, id=4508, stack(0x0000000015f80000,0x0000000016080000)]
  0x0000000000cdd800 JavaThread "main" [_thread_in_Java, id=5368, stack(0x0000000002540000,0x0000000002640000)]

Other Threads:
  0x0000000014dd5000 VMThread [stack: 0x0000000015e80000,0x0000000015f80000] [id=9252]
  0x0000000016786000 WatcherThread [stack: 0x0000000016c80000,0x0000000016d80000] [id=6232]

VM state:not at safepoint (normal execution)

VM Mutex/Monitor currently owned by a thread: None

Heap:
 PSYoungGen      total 38400K, used 2663K [0x00000000eab00000, 0x00000000ed580000, 0x0000000100000000)
  eden space 33280K, 8% used [0x00000000eab00000,0x00000000ead99dd8,0x00000000ecb80000)
  from space 5120K, 0% used [0x00000000ed080000,0x00000000ed080000,0x00000000ed580000)
  to   space 5120K, 0% used [0x00000000ecb80000,0x00000000ecb80000,0x00000000ed080000)
 ParOldGen       total 87552K, used 0K [0x00000000c0000000, 0x00000000c5580000, 0x00000000eab00000)
  object space 87552K, 0% used [0x00000000c0000000,0x00000000c0000000,0x00000000c5580000)
 Metaspace       used 3299K, capacity 4720K, committed 4864K, reserved 1056768K
  class space    used 351K, capacity 424K, committed 512K, reserved 1048576K

Card table byte_map: [0x0000000011b00000,0x0000000011d10000] byte_map_base: 0x0000000011500000

Marking Bits: (ParMarkBitMap*) 0x0000000074719d00
 Begin Bits: [0x0000000012270000, 0x0000000013270000)
 End Bits:   [0x0000000013270000, 0x0000000014270000)

Polling page: 0x0000000000cc0000

CodeCache: size=245760Kb used=1210Kb max_used=1210Kb free=244549Kb
 bounds [0x0000000002740000, 0x00000000029b0000, 0x0000000011740000]
 total_blobs=328 nmethods=85 adapters=157
 compilation: enabled

Compilation events (10 events):
Event: 2.567 Thread 0x0000000014e6c000 nmethod 76 0x000000000286bed0 code [0x000000000286c020, 0x000000000286c150]
Event: 2.569 Thread 0x0000000014e6c000   78       1       java.util.zip.ZipFile::access$300 (5 bytes)
Event: 2.569 Thread 0x0000000014e6c000 nmethod 78 0x000000000286c5d0 code [0x000000000286c720, 0x000000000286c810]
Event: 2.569 Thread 0x0000000014e6c000   79       3       java.util.zip.ZipUtils::get16 (19 bytes)
Event: 2.569 Thread 0x0000000014e6c000 nmethod 79 0x000000000286c890 code [0x000000000286ca00, 0x000000000286cc30]
Event: 2.569 Thread 0x0000000014e6c000   80       3       java.util.zip.ZipFile::ensureOpen (37 bytes)
Event: 2.569 Thread 0x0000000014e6c000 nmethod 80 0x000000000286cd90 code [0x000000000286cf20, 0x000000000286d1f8]
Event: 2.569 Thread 0x0000000014e6c000   81       1       java.util.zip.ZipCoder::isUTF8 (5 bytes)
Event: 2.570 Thread 0x0000000014e6c000 nmethod 81 0x000000000286d310 code [0x000000000286d460, 0x000000000286d570]
Event: 2.571 Thread 0x0000000014e6c000   83       3       sun.nio.cs.UTF_8$Decoder::decode (779 bytes)

GC Heap History (0 events):
No events

Deoptimization events (0 events):
No events

Internal exceptions (2 events):
Event: 1.269 Thread 0x0000000000cdd800 Exception <a 'java/lang/NoSuchMethodError': Method sun.misc.Unsafe.defineClass(Ljava/lang/String;[BII)Ljava/lang/Class; name or signature does not match> (0x00000000eab07cc0) thrown at [C:\src\android\AOSP-openjdk\external\jetbrains\jdk\hotspot\src\share\vv‘p%{Oô?
Event: 1.269 Thread 0x0000000000cdd800 Exception <a 'java/lang/NoSuchMethodError': Method sun.misc.Unsafe.prefetchRead(Ljava/lang/Object;J)V name or signature does not match> (0x00000000eab07fa8) thrown at [C:\src\android\AOSP-openjdk\external\jetbrains\jdk\hotspot\src\share\vm\prims\jni.cpp, l

Events (10 events):
Event: 2.563 loading class com/android/dx/cf/direct/ClassPathOpener$1
Event: 2.563 loading class com/android/dx/cf/direct/ClassPathOpener$1 done
Event: 2.564 loading class com/android/dx/command/dexer/Main$FileBytesConsumer
Event: 2.564 loading class com/android/dx/command/dexer/Main$FileBytesConsumer done
Event: 2.566 loading class java/util/zip/ZipFile$ZipEntryIterator
Event: 2.566 loading class java/util/zip/ZipFile$ZipEntryIterator done
Event: 2.566 loading class java/util/zip/ZipUtils
Event: 2.566 loading class java/util/zip/ZipUtils done
Event: 2.566 loading class java/nio/file/attribute/FileTime
Event: 2.566 loading class java/nio/file/attribute/FileTime done


Dynamic libraries:
0x00007ff7bfe20000 - 0x00007ff7bfe51000 	C:\Program Files\Android\Android Studio\jre\bin\java.exe
0x00007ffcc7bc0000 - 0x00007ffcc7d6d000 	C:\Windows\SYSTEM32\ntdll.dll
0x00007ffcc5a80000 - 0x00007ffcc5bbe000 	C:\Windows\system32\KERNEL32.DLL
0x00007ffcc50d0000 - 0x00007ffcc51e5000 	C:\Windows\system32\KERNELBASE.dll
0x00007ffcc53f0000 - 0x00007ffcc549a000 	C:\Windows\system32\ADVAPI32.dll
0x00007ffcc73e0000 - 0x00007ffcc7557000 	C:\Windows\system32\USER32.dll
0x00007ffcc2850000 - 0x00007ffcc2acb000 	C:\Windows\WinSxS\amd64_microsoft.windows.common-controls_6595b64144ccf1df_6.0.9600.18006_none_623f33d3ecbe86e8\COMCTL32.dll
0x00007ffcc5570000 - 0x00007ffcc561a000 	C:\Windows\system32\msvcrt.dll
0x00007ffcc7950000 - 0x00007ffcc79a9000 	C:\Windows\SYSTEM32\sechost.dll
0x00007ffcc5250000 - 0x00007ffcc5390000 	C:\Windows\system32\RPCRT4.dll
0x00007ffcc5cf0000 - 0x00007ffcc5e3f000 	C:\Windows\system32\GDI32.dll
0x00007ffcc50a0000 - 0x00007ffcc50ce000 	C:\Windows\system32\SspiCli.dll
0x00007ffcc5a40000 - 0x00007ffcc5a76000 	C:\Windows\system32\IMM32.DLL
0x00007ffcc5700000 - 0x00007ffcc5852000 	C:\Windows\system32\MSCTF.dll
0x0000000073e80000 - 0x0000000073f52000 	C:\Program Files\Android\Android Studio\jre\jre\bin\msvcr100.dll
0x0000000073f60000 - 0x0000000074794000 	C:\Program Files\Android\Android Studio\jre\jre\bin\server\jvm.dll
0x00007ffcc09e0000 - 0x00007ffcc09e9000 	C:\Windows\SYSTEM32\WSOCK32.dll
0x00007ffcb60c0000 - 0x00007ffcb60e2000 	C:\Windows\SYSTEM32\WINMM.dll
0x00007ffcbea90000 - 0x00007ffcbea9a000 	C:\Windows\SYSTEM32\VERSION.dll
0x00007ffcc7370000 - 0x00007ffcc7377000 	C:\Windows\system32\PSAPI.DLL
0x00007ffcc5390000 - 0x00007ffcc53ea000 	C:\Windows\system32\WS2_32.dll
0x00007ffcb6090000 - 0x00007ffcb60ba000 	C:\Windows\SYSTEM32\WINMMBASE.dll
0x00007ffcc5630000 - 0x00007ffcc5639000 	C:\Windows\system32\NSI.dll
0x00007ffcc4dc0000 - 0x00007ffcc4e0f000 	C:\Windows\SYSTEM32\cfgmgr32.dll
0x00007ffcc3b20000 - 0x00007ffcc3b48000 	C:\Windows\SYSTEM32\DEVOBJ.dll
0x00007ffcc0eb0000 - 0x00007ffcc0ebf000 	C:\Program Files\Android\Android Studio\jre\jre\bin\verify.dll
0x00007ffcbdca0000 - 0x00007ffcbdcc9000 	C:\Program Files\Android\Android Studio\jre\jre\bin\java.dll
0x00007ffcbec90000 - 0x00007ffcbeca6000 	C:\Program Files\Android\Android Studio\jre\jre\bin\zip.dll
0x00007ffcc5e40000 - 0x00007ffcc736a000 	C:\Windows\system32\SHELL32.dll
0x00007ffcc7560000 - 0x00007ffcc7771000 	C:\Windows\SYSTEM32\combase.dll
0x00007ffcc5c80000 - 0x00007ffcc5cd4000 	C:\Windows\system32\SHLWAPI.dll
0x00007ffcc32f0000 - 0x00007ffcc33a2000 	C:\Windows\SYSTEM32\SHCORE.dll
0x00007ffcc4cf0000 - 0x00007ffcc4d05000 	C:\Windows\SYSTEM32\profapi.dll

VM Arguments:
jvm_args: -Djava.awt.headless=true -Xmx1024M -Dfile.encoding=windows-1252 -Duser.country=AR -Duser.language=es -Duser.variant 
java_command: com.android.dx.command.Main --dex --force-jumbo --num-threads=4 --multi-dex --output D:\Documents\PreventaAndroid\build\intermediates\transforms\dex\debug\folders\1000\10\internal_impl-24.2.1_de92cc540bfdc7c9e0afc4348a194cc929aeb608 D:\Documents\PreventaAndroid\build\intermediates\exploded-aar\com.android.support\support-compat\24.2.1\jars\libs\internal_impl-24.2.1.jar
java_class_path (initial): C:\Users\Pocho\AppData\Local\Android\sdk\build-tools\24.0.0\lib\dx.jar
Launcher Type: SUN_STANDARD

Environment Variables:
JAVA_HOME=C:\Program Files\Java\jdk1.8.0_91
PATH=C:\ProgramData\Oracle\Java\javapath;C:\Windows\system32;C:\Windows;C:\Windows\System32\Wbem;C:\Windows\System32\WindowsPowerShell\v1.0\;C:\Windows\system32\config\systemprofile\.dnx\bin;C:\Program Files\Microsoft DNX\Dnvm\;C:\Program Files\Microsoft SQL Server\120\Tools\Binn\;C:\Program Files\Git\cmd;C:\Program Files\Microsoft SQL Server\110\Tools\Binn\;C:\Program Files (x86)\Microsoft SQL Server\110\Tools\Binn\;C:\Program Files\Microsoft SQL Server\110\DTS\Binn\;C:\Program Files (x86)\Microsoft SQL Server\110\Tools\Binn\ManagementStudio\;C:\Program Files (x86)\Microsoft Visual Studio 10.0\Common7\IDE\PrivateAssemblies\;C:\Program Files (x86)\Microsoft SQL Server\110\DTS\Binn\;C:\Program Files (x86)\Skype\Phone\;C:\Program Files\nodejs\;C:\Program Files (x86)\Brackets\command;C:\Program Files (x86)\Universal Extractor;C:\Program Files (x86)\Universal Extractor\bin;C:\Program Files (x86)\GtkSharp\2.12\bin;C:\Users\Pocho\AppData\Roaming\npm;C:\Users\Pocho\AppData\Local\atom\bin;C:\Users\Pocho\AppData\Local\Android\sdk\platform-tools
USERNAME=Pocho
OS=Windows_NT
PROCESSOR_IDENTIFIER=Intel64 Family 6 Model 58 Stepping 9, GenuineIntel



---------------  S Y S T E M  ---------------

OS: Windows 8.1 , 64 bit Build 9600 (6.3.9600.17415)

CPU:total 4 (2 cores per cpu, 2 threads per core) family 6 model 58 stepping 9, cmov, cx8, fxsr, mmx, sse, sse2, sse3, ssse3, sse4.1, sse4.2, popcnt, avx, clmul, erms, ht, tsc, tscinvbit, tscinv

Memory: 4k page, physical 8281812k(298476k free), swap 11427540k(4768k free)

vm_info: OpenJDK 64-Bit Server VM (25.76-b03) for windows-amd64 JRE (1.8.0_76-release-b03), built on Jun 29 2016 19:09:20 by "ralucas" with MS VC++ 10.0 (VS2010)

time: Mon Jan 16 12:08:55 2017
elapsed time: 2 seconds (0d 0h 0m 2s)

