#
# There is insufficient memory for the Java Runtime Environment to continue.
# Native memory allocation (malloc) failed to allocate 1065296 bytes for Chunk::new
# Possible reasons:
#   The system is out of physical RAM or swap space
#   In 32 bit mode, the process size limit was hit
# Possible solutions:
#   Reduce memory load on the system
#   Increase physical memory or swap space
#   Check if swap backing store is full
#   Use 64 bit Java on a 64 bit OS
#   Decrease Java heap size (-Xmx/-Xms)
#   Decrease number of Java threads
#   Decrease Java thread stack sizes (-Xss)
#   Set larger code cache with -XX:ReservedCodeCacheSize=
# This output file may be truncated or incomplete.
#
#  Out of Memory Error (allocation.cpp:390), pid=8112, tid=0x0000000000001a04
#
# JRE version: OpenJDK Runtime Environment (8.0_76-b03) (build 1.8.0_76-release-b03)
# Java VM: OpenJDK 64-Bit Server VM (25.76-b03 mixed mode windows-amd64 compressed oops)
# Failed to write core dump. Minidumps are not enabled by default on client versions of Windows
#

---------------  T H R E A D  ---------------

Current thread (0x00000000150a7000):  JavaThread "C2 CompilerThread0" daemon [_thread_in_native, id=6660, stack(0x0000000016720000,0x0000000016820000)]

Stack: [0x0000000016720000,0x0000000016820000]
[error occurred during error reporting (printing stack bounds), id 0xc0000005]

Native frames: (J=compiled Java code, j=interpreted, Vv=VM code, C=native code)


Current CompileTask:
C2:  12380 2180   !   4       com.android.dx.cf.code.BytecodeArray::parseInstruction (2764 bytes)


---------------  P R O C E S S  ---------------

Java Threads: ( => current thread )
  0x0000000017eee800 JavaThread "pool-1-thread-1" [_thread_new, id=6836, stack(0x0000000000000000,0x0000000000000000)]
  0x0000000016a23800 JavaThread "Service Thread" daemon [_thread_blocked, id=9944, stack(0x0000000016e20000,0x0000000016f20000)]
  0x00000000150fb000 JavaThread "C1 CompilerThread2" daemon [_thread_blocked, id=11744, stack(0x0000000016920000,0x0000000016a20000)]
  0x00000000150f4800 JavaThread "C2 CompilerThread1" daemon [_thread_in_native, id=10820, stack(0x0000000016820000,0x0000000016920000)]
=>0x00000000150a7000 JavaThread "C2 CompilerThread0" daemon [_thread_in_native, id=6660, stack(0x0000000016720000,0x0000000016820000)]
  0x00000000150a5800 JavaThread "Attach Listener" daemon [_thread_blocked, id=9712, stack(0x0000000016620000,0x0000000016720000)]
  0x00000000150a4000 JavaThread "Signal Dispatcher" daemon [_thread_blocked, id=11812, stack(0x0000000016520000,0x0000000016620000)]
  0x0000000015088800 JavaThread "Finalizer" daemon [_thread_blocked, id=10484, stack(0x0000000016320000,0x0000000016420000)]
  0x00000000029c0800 JavaThread "Reference Handler" daemon [_thread_blocked, id=10192, stack(0x0000000016220000,0x0000000016320000)]
  0x00000000026dd800 JavaThread "main" [_thread_blocked, id=11884, stack(0x00000000027d0000,0x00000000028d0000)]

Other Threads:
  0x0000000015065000 VMThread [stack: 0x0000000016120000,0x0000000016220000] [id=268]
  0x0000000016a25000 WatcherThread [stack: 0x0000000016f20000,0x0000000017020000] [id=12576]

VM state:not at safepoint (normal execution)

VM Mutex/Monitor currently owned by a thread: None

Heap:
 PSYoungGen      total 138240K, used 9746K [0x00000000eab00000, 0x00000000fe400000, 0x0000000100000000)
  eden space 133120K, 3% used [0x00000000eab00000,0x00000000eaf85590,0x00000000f2d00000)
  from space 5120K, 99% used [0x00000000f2d00000,0x00000000f31ff2e8,0x00000000f3200000)
  to   space 27136K, 0% used [0x00000000fc980000,0x00000000fc980000,0x00000000fe400000)
 ParOldGen       total 87552K, used 45172K [0x00000000c0000000, 0x00000000c5580000, 0x00000000eab00000)
  object space 87552K, 51% used [0x00000000c0000000,0x00000000c2c1d1b8,0x00000000c5580000)
 Metaspace       used 6263K, capacity 7152K, committed 7296K, reserved 1056768K
  class space    used 586K, capacity 616K, committed 640K, reserved 1048576K

Card table byte_map: [0x0000000011d90000,0x0000000011fa0000] byte_map_base: 0x0000000011790000

Marking Bits: (ParMarkBitMap*) 0x0000000074719d00
 Begin Bits: [0x0000000012500000, 0x0000000013500000)
 End Bits:   [0x0000000013500000, 0x0000000014500000)

Polling page: 0x0000000002640000

CodeCache: size=245760Kb used=10411Kb max_used=10434Kb free=235348Kb
 bounds [0x00000000029d0000, 0x0000000003410000, 0x00000000119d0000]
 total_blobs=2321 nmethods=2058 adapters=176
 compilation: enabled

Compilation events (10 events):
Event: 11.957 Thread 0x00000000150fb000 2189       3       java.util.concurrent.locks.ReentrantLock$Sync::nonfairTryAcquire (67 bytes)
Event: 11.957 Thread 0x00000000150fb000 nmethod 2189 0x00000000033b8490 code [0x00000000033b8620, 0x00000000033b8d48]
Event: 11.957 Thread 0x00000000150fb000 2190       3       java.util.concurrent.locks.ReentrantLock$NonfairSync::tryAcquire (6 bytes)
Event: 11.957 Thread 0x00000000150fb000 nmethod 2190 0x00000000033b6150 code [0x00000000033b62c0, 0x00000000033b64c8]
Event: 11.957 Thread 0x00000000150fb000 2191       3       java.util.concurrent.FutureTask::report (37 bytes)
Event: 11.958 Thread 0x00000000150fb000 nmethod 2191 0x00000000033b7d90 code [0x00000000033b7f20, 0x00000000033b8318]
Event: 11.958 Thread 0x00000000150fb000 2192       3       java.util.concurrent.FutureTask::get (23 bytes)
Event: 11.958 Thread 0x00000000150fb000 nmethod 2192 0x00000000033b2890 code [0x00000000033b2a00, 0x00000000033b2c18]
Event: 11.994 Thread 0x00000000150a7000 nmethod 2162 0x0000000003403850 code [0x0000000003403b40, 0x0000000003406838]
Event: 11.994 Thread 0x00000000150a7000 2180   !   4       com.android.dx.cf.code.BytecodeArray::parseInstruction (2764 bytes)

GC Heap History (10 events):
Event: 3.463 GC heap before
{Heap before GC invocations=1 (full 0):
 PSYoungGen      total 38400K, used 33280K [0x00000000eab00000, 0x00000000ed580000, 0x0000000100000000)
  eden space 33280K, 100% used [0x00000000eab00000,0x00000000ecb80000,0x00000000ecb80000)
  from space 5120K, 0% used [0x00000000ed080000,0x00000000ed080000,0x00000000ed580000)
  to   space 5120K, 0% used [0x00000000ecb80000,0x00000000ecb80000,0x00000000ed080000)
 ParOldGen       total 87552K, used 0K [0x00000000c0000000, 0x00000000c5580000, 0x00000000eab00000)
  object space 87552K, 0% used [0x00000000c0000000,0x00000000c0000000,0x00000000c5580000)
 Metaspace       used 5809K, capacity 6896K, committed 7040K, reserved 1056768K
  class space    used 564K, capacity 616K, committed 640K, reserved 1048576K
Event: 3.658 GC heap after
Heap after GC invocations=1 (full 0):
 PSYoungGen      total 38400K, used 5112K [0x00000000eab00000, 0x00000000ef600000, 0x0000000100000000)
  eden space 33280K, 0% used [0x00000000eab00000,0x00000000eab00000,0x00000000ecb80000)
  from space 5120K, 99% used [0x00000000ecb80000,0x00000000ed07e098,0x00000000ed080000)
  to   space 5120K, 0% used [0x00000000ef100000,0x00000000ef100000,0x00000000ef600000)
 ParOldGen       total 87552K, used 856K [0x00000000c0000000, 0x00000000c5580000, 0x00000000eab00000)
  object space 87552K, 0% used [0x00000000c0000000,0x00000000c00d60a8,0x00000000c5580000)
 Metaspace       used 5809K, capacity 6896K, committed 7040K, reserved 1056768K
  class space    used 564K, capacity 616K, committed 640K, reserved 1048576K
}
Event: 4.510 GC heap before
{Heap before GC invocations=2 (full 0):
 PSYoungGen      total 38400K, used 38392K [0x00000000eab00000, 0x00000000ef600000, 0x0000000100000000)
  eden space 33280K, 100% used [0x00000000eab00000,0x00000000ecb80000,0x00000000ecb80000)
  from space 5120K, 99% used [0x00000000ecb80000,0x00000000ed07e098,0x00000000ed080000)
  to   space 5120K, 0% used [0x00000000ef100000,0x00000000ef100000,0x00000000ef600000)
 ParOldGen       total 87552K, used 856K [0x00000000c0000000, 0x00000000c5580000, 0x00000000eab00000)
  object space 87552K, 0% used [0x00000000c0000000,0x00000000c00d60a8,0x00000000c5580000)
 Metaspace       used 6012K, capacity 7088K, committed 7296K, reserved 1056768K
  class space    used 565K, capacity 616K, committed 640K, reserved 1048576K
Event: 4.963 GC heap after
Heap after GC invocations=2 (full 0):
 PSYoungGen      total 71680K, used 5113K [0x00000000eab00000, 0x00000000ef600000, 0x0000000100000000)
  eden space 66560K, 0% used [0x00000000eab00000,0x00000000eab00000,0x00000000eec00000)
  from space 5120K, 99% used [0x00000000ef100000,0x00000000ef5fe6c8,0x00000000ef600000)
  to   space 5120K, 0% used [0x00000000eec00000,0x00000000eec00000,0x00000000ef100000)
 ParOldGen       total 87552K, used 5508K [0x00000000c0000000, 0x00000000c5580000, 0x00000000eab00000)
  object space 87552K, 6% used [0x00000000c0000000,0x00000000c0561080,0x00000000c5580000)
 Metaspace       used 6012K, capacity 7088K, committed 7296K, reserved 1056768K
  class space    used 565K, capacity 616K, committed 640K, reserved 1048576K
}
Event: 7.893 GC heap before
{Heap before GC invocations=3 (full 0):
 PSYoungGen      total 71680K, used 71673K [0x00000000eab00000, 0x00000000ef600000, 0x0000000100000000)
  eden space 66560K, 100% used [0x00000000eab00000,0x00000000eec00000,0x00000000eec00000)
  from space 5120K, 99% used [0x00000000ef100000,0x00000000ef5fe6c8,0x00000000ef600000)
  to   space 5120K, 0% used [0x00000000eec00000,0x00000000eec00000,0x00000000ef100000)
 ParOldGen       total 87552K, used 5508K [0x00000000c0000000, 0x00000000c5580000, 0x00000000eab00000)
  object space 87552K, 6% used [0x00000000c0000000,0x00000000c0561080,0x00000000c5580000)
 Metaspace       used 6080K, capacity 7152K, committed 7296K, reserved 1056768K
  class space    used 566K, capacity 616K, committed 640K, reserved 1048576K
Event: 8.035 GC heap after
Heap after GC invocations=3 (full 0):
 PSYoungGen      total 71680K, used 5103K [0x00000000eab00000, 0x00000000f3700000, 0x0000000100000000)
  eden space 66560K, 0% used [0x00000000eab00000,0x00000000eab00000,0x00000000eec00000)
  from space 5120K, 99% used [0x00000000eec00000,0x00000000ef0fbf58,0x00000000ef100000)
  to   space 5120K, 0% used [0x00000000f3200000,0x00000000f3200000,0x00000000f3700000)
 ParOldGen       total 87552K, used 15632K [0x00000000c0000000, 0x00000000c5580000, 0x00000000eab00000)
  object space 87552K, 17% used [0x00000000c0000000,0x00000000c0f44318,0x00000000c5580000)
 Metaspace       used 6080K, capacity 7152K, committed 7296K, reserved 1056768K
  class space    used 566K, capacity 616K, committed 640K, reserved 1048576K
}
Event: 9.684 GC heap before
{Heap before GC invocations=4 (full 0):
 PSYoungGen      total 71680K, used 71663K [0x00000000eab00000, 0x00000000f3700000, 0x0000000100000000)
  eden space 66560K, 100% used [0x00000000eab00000,0x00000000eec00000,0x00000000eec00000)
  from space 5120K, 99% used [0x00000000eec00000,0x00000000ef0fbf58,0x00000000ef100000)
  to   space 5120K, 0% used [0x00000000f3200000,0x00000000f3200000,0x00000000f3700000)
 ParOldGen       total 87552K, used 15632K [0x00000000c0000000, 0x00000000c5580000, 0x00000000eab00000)
  object space 87552K, 17% used [0x00000000c0000000,0x00000000c0f44318,0x00000000c5580000)
 Metaspace       used 6188K, capacity 7152K, committed 7296K, reserved 1056768K
  class space    used 584K, capacity 616K, committed 640K, reserved 1048576K
Event: 9.870 GC heap after
Heap after GC invocations=4 (full 0):
 PSYoungGen      total 138240K, used 5089K [0x00000000eab00000, 0x00000000f3700000, 0x0000000100000000)
  eden space 133120K, 0% used [0x00000000eab00000,0x00000000eab00000,0x00000000f2d00000)
  from space 5120K, 99% used [0x00000000f3200000,0x00000000f36f8580,0x00000000f3700000)
  to   space 5120K, 0% used [0x00000000f2d00000,0x00000000f2d00000,0x00000000f3200000)
 ParOldGen       total 87552K, used 25026K [0x00000000c0000000, 0x00000000c5580000, 0x00000000eab00000)
  object space 87552K, 28% used [0x00000000c0000000,0x00000000c1870980,0x00000000c5580000)
 Metaspace       used 6188K, capacity 7152K, committed 7296K, reserved 1056768K
  class space    used 584K, capacity 616K, committed 640K, reserved 1048576K
}
Event: 11.580 GC heap before
{Heap before GC invocations=5 (full 0):
 PSYoungGen      total 138240K, used 138209K [0x00000000eab00000, 0x00000000f3700000, 0x0000000100000000)
  eden space 133120K, 100% used [0x00000000eab00000,0x00000000f2d00000,0x00000000f2d00000)
  from space 5120K, 99% used [0x00000000f3200000,0x00000000f36f8580,0x00000000f3700000)
  to   space 5120K, 0% used [0x00000000f2d00000,0x00000000f2d00000,0x00000000f3200000)
 ParOldGen       total 87552K, used 25026K [0x00000000c0000000, 0x00000000c5580000, 0x00000000eab00000)
  object space 87552K, 28% used [0x00000000c0000000,0x00000000c1870980,0x00000000c5580000)
 Metaspace       used 6260K, capacity 7152K, committed 7296K, reserved 1056768K
  class space    used 585K, capacity 616K, committed 640K, reserved 1048576K
Event: 11.835 GC heap after
Heap after GC invocations=5 (full 0):
 PSYoungGen      total 138240K, used 5116K [0x00000000eab00000, 0x00000000fe400000, 0x0000000100000000)
  eden space 133120K, 0% used [0x00000000eab00000,0x00000000eab00000,0x00000000f2d00000)
  from space 5120K, 99% used [0x00000000f2d00000,0x00000000f31ff2e8,0x00000000f3200000)
  to   space 27136K, 0% used [0x00000000fc980000,0x00000000fc980000,0x00000000fe400000)
 ParOldGen       total 87552K, used 45172K [0x00000000c0000000, 0x00000000c5580000, 0x00000000eab00000)
  object space 87552K, 51% used [0x00000000c0000000,0x00000000c2c1d1b8,0x00000000c5580000)
 Metaspace       used 6260K, capacity 7152K, committed 7296K, reserved 1056768K
  class space    used 585K, capacity 616K, committed 640K, reserved 1048576K
}

Deoptimization events (10 events):
Event: 10.220 Thread 0x0000000016c82800 Uncommon trap: reason=unstable_if action=reinterpret pc=0x00000000030c8ad0 method=java.util.HashMap.resize()[Ljava/util/HashMap$Node; @ 206
Event: 10.315 Thread 0x0000000016ca2800 Uncommon trap: reason=unstable_if action=reinterpret pc=0x00000000031677a0 method=com.android.dx.dex.code.OutputFinisher.hasLocalInfo(Lcom/android/dx/dex/code/DalvInsn;)Z @ 24
Event: 10.398 Thread 0x0000000016c81000 Uncommon trap: reason=unstable_if action=reinterpret pc=0x0000000002e5c8f0 method=com.android.dx.dex.code.OutputFinisher.hasLocalInfo(Lcom/android/dx/dex/code/DalvInsn;)Z @ 24
Event: 10.665 Thread 0x0000000016ca2800 Uncommon trap: reason=unstable_if action=reinterpret pc=0x00000000032f2c38 method=java.util.HashMap.putVal(ILjava/lang/Object;Ljava/lang/Object;ZZ)Ljava/lang/Object; @ 109
Event: 10.749 Thread 0x0000000016ca2800 Uncommon trap: reason=unstable_if action=reinterpret pc=0x00000000031c6570 method=com.android.dx.rop.cst.CstNat.equals(Ljava/lang/Object;)Z @ 25
Event: 10.890 Thread 0x0000000016c81000 Uncommon trap: reason=unstable_if action=reinterpret pc=0x00000000030f4844 method=com.android.dx.ssa.SCCP.simulateBranch(Lcom/android/dx/ssa/SsaInsn;)V @ 548
Event: 10.893 Thread 0x0000000016c81000 Uncommon trap: reason=unstable_if action=reinterpret pc=0x00000000031f4b78 method=com.android.dx.ssa.SCCP.replaceBranches()V @ 14
Event: 10.917 Thread 0x0000000016c81000 Uncommon trap: reason=unstable_if action=reinterpret pc=0x00000000032b3d74 method=com.android.dx.cf.code.ByteCatchList.listFor(I)Lcom/android/dx/cf/code/ByteCatchList; @ 47
Event: 11.874 Thread 0x0000000016c82800 Uncommon trap: reason=bimorphic action=maybe_recompile pc=0x000000000325b12c method=com.android.dx.cf.code.BytecodeArray.parseInstruction(ILcom/android/dx/cf/code/BytecodeArray$Visitor;)I @ 1287
Event: 11.874 Thread 0x0000000016c82800 Uncommon trap: reason=bimorphic action=maybe_recompile pc=0x000000000325b12c method=com.android.dx.cf.code.BytecodeArray.parseInstruction(ILcom/android/dx/cf/code/BytecodeArray$Visitor;)I @ 1287

Internal exceptions (5 events):
Event: 0.171 Thread 0x00000000026dd800 Exception <a 'java/lang/NoSuchMethodError': Method sun.misc.Unsafe.defineClass(Ljava/lang/String;[BII)Ljava/lang/Class; name or signature does not match> (0x00000000eab07cc0) thrown at [C:\src\android\AOSP-openjdk\external\jetbrains\jdk\hotspot\src\share\vðaónìÅ?
Event: 0.171 Thread 0x00000000026dd800 Exception <a 'java/lang/NoSuchMethodError': Method sun.misc.Unsafe.prefetchRead(Ljava/lang/Object;J)V name or signature does not match> (0x00000000eab07fa8) thrown at [C:\src\android\AOSP-openjdk\external\jetbrains\jdk\hotspot\src\share\vm\prims\jni.cpp, lgé‹¼Âµ"@
Event: 9.355 Thread 0x0000000016ca2800 Exception <a 'java/lang/ArrayIndexOutOfBoundsException': 18> (0x00000000ee24d390) thrown at [C:\src\android\AOSP-openjdk\external\jetbrains\jdk\hotspot\src\share\vm\interpreter\interpreterRuntime.cpp, line 366]
Event: 9.356 Thread 0x0000000016ca2800 Exception <a 'java/lang/ArrayIndexOutOfBoundsException'> (0x00000000ee24ef10) thrown at [C:\src\android\AOSP-openjdk\external\jetbrains\jdk\hotspot\src\share\vm\runtime\sharedRuntime.cpp, line 605]
Event: 9.358 Thread 0x0000000016ca2800 Exception <a 'java/lang/ArrayIndexOutOfBoundsException'> (0x00000000ee2501f8) thrown at [C:\src\android\AOSP-openjdk\external\jetbrains\jdk\hotspot\src\share\vm\runtime\sharedRuntime.cpp, line 605]

Events (10 events):
Event: 11.874 Thread 0x0000000016c82800 DEOPT PACKING pc=0x000000000325b12c sp=0x000000001731e660
Event: 11.874 Thread 0x0000000016c82800 DEOPT UNPACKING pc=0x0000000002a1556a sp=0x000000001731e638 mode 2
Event: 11.875 Thread 0x0000000016c82800 Thread exited: 0x0000000016c82800
Event: 11.880 Thread 0x0000000016ca3000 DEOPT PACKING pc=0x0000000002fe3923 sp=0x000000001751e6d0
Event: 11.880 Thread 0x0000000016ca3000 DEOPT UNPACKING pc=0x0000000002a175bf sp=0x000000001751e420 mode 0
Event: 11.956 Thread 0x0000000016ca3000 Thread exited: 0x0000000016ca3000
Event: 11.957 Thread 0x0000000016c81800 Thread exited: 0x0000000016c81800
Event: 11.957 loading class com/android/dx/command/dexer/Main$DexWriter
Event: 11.957 loading class com/android/dx/command/dexer/Main$DexWriter done
Event: 11.958 Thread 0x0000000017eee800 Thread added: 0x0000000017eee800


Dynamic libraries:
0x00007ff7bfe20000 - 0x00007ff7bfe51000 	C:\Program Files\Android\Android Studio\jre\bin\java.exe
0x00007ffcc7bc0000 - 0x00007ffcc7d6d000 	C:\Windows\SYSTEM32\ntdll.dll
0x00007ffcc5a80000 - 0x00007ffcc5bbe000 	C:\Windows\system32\KERNEL32.DLL
0x00007ffcc50d0000 - 0x00007ffcc51e5000 	C:\Windows\system32\KERNELBASE.dll
0x00007ffcc53f0000 - 0x00007ffcc549a000 	C:\Windows\system32\ADVAPI32.dll
0x00007ffcc73e0000 - 0x00007ffcc7557000 	C:\Windows\system32\USER32.dll
0x00007ffcc2850000 - 0x00007ffcc2acb000 	C:\Windows\WinSxS\amd64_microsoft.windows.common-controls_6595b64144ccf1df_6.0.9600.18006_none_623f33d3ecbe86e8\COMCTL32.dll
0x00007ffcc5570000 - 0x00007ffcc561a000 	C:\Windows\system32\msvcrt.dll
0x00007ffcc7950000 - 0x00007ffcc79a9000 	C:\Windows\SYSTEM32\sechost.dll
0x00007ffcc5250000 - 0x00007ffcc5390000 	C:\Windows\system32\RPCRT4.dll
0x00007ffcc5cf0000 - 0x00007ffcc5e3f000 	C:\Windows\system32\GDI32.dll
0x00007ffcc50a0000 - 0x00007ffcc50ce000 	C:\Windows\system32\SspiCli.dll
0x00007ffcc5a40000 - 0x00007ffcc5a76000 	C:\Windows\system32\IMM32.DLL
0x00007ffcc5700000 - 0x00007ffcc5852000 	C:\Windows\system32\MSCTF.dll
0x0000000073e80000 - 0x0000000073f52000 	C:\Program Files\Android\Android Studio\jre\jre\bin\msvcr100.dll
0x0000000073f60000 - 0x0000000074794000 	C:\Program Files\Android\Android Studio\jre\jre\bin\server\jvm.dll
0x00007ffcc09e0000 - 0x00007ffcc09e9000 	C:\Windows\SYSTEM32\WSOCK32.dll
0x00007ffcb60c0000 - 0x00007ffcb60e2000 	C:\Windows\SYSTEM32\WINMM.dll
0x00007ffcbea90000 - 0x00007ffcbea9a000 	C:\Windows\SYSTEM32\VERSION.dll
0x00007ffcc7370000 - 0x00007ffcc7377000 	C:\Windows\system32\PSAPI.DLL
0x00007ffcc5390000 - 0x00007ffcc53ea000 	C:\Windows\system32\WS2_32.dll
0x00007ffcb6090000 - 0x00007ffcb60ba000 	C:\Windows\SYSTEM32\WINMMBASE.dll
0x00007ffcc5630000 - 0x00007ffcc5639000 	C:\Windows\system32\NSI.dll
0x00007ffcc4dc0000 - 0x00007ffcc4e0f000 	C:\Windows\SYSTEM32\cfgmgr32.dll
0x00007ffcc3b20000 - 0x00007ffcc3b48000 	C:\Windows\SYSTEM32\DEVOBJ.dll
0x00007ffcc0eb0000 - 0x00007ffcc0ebf000 	C:\Program Files\Android\Android Studio\jre\jre\bin\verify.dll
0x00007ffcbdca0000 - 0x00007ffcbdcc9000 	C:\Program Files\Android\Android Studio\jre\jre\bin\java.dll
0x00007ffcbec90000 - 0x00007ffcbeca6000 	C:\Program Files\Android\Android Studio\jre\jre\bin\zip.dll
0x00007ffcc5e40000 - 0x00007ffcc736a000 	C:\Windows\system32\SHELL32.dll
0x00007ffcc7560000 - 0x00007ffcc7771000 	C:\Windows\SYSTEM32\combase.dll
0x00007ffcc5c80000 - 0x00007ffcc5cd4000 	C:\Windows\system32\SHLWAPI.dll
0x00007ffcc32f0000 - 0x00007ffcc33a2000 	C:\Windows\SYSTEM32\SHCORE.dll
0x00007ffcc4cf0000 - 0x00007ffcc4d05000 	C:\Windows\SYSTEM32\profapi.dll

VM Arguments:
jvm_args: -Djava.awt.headless=true -Xmx1024M -Dfile.encoding=windows-1252 -Duser.country=AR -Duser.language=es -Duser.variant 
java_command: com.android.dx.command.Main --dex --force-jumbo --num-threads=4 --multi-dex --output D:\Documents\PreventaAndroid\build\intermediates\transforms\dex\debug\folders\1000\10\com.android.support-appcompat-v7-24.2.1_d8b4134e9401761f91395999983f4bb24511ac37 D:\Documents\PreventaAndroid\build\intermediates\exploded-aar\com.android.support\appcompat-v7\24.2.1\jars\classes.jar
java_class_path (initial): C:\Users\Pocho\AppData\Local\Android\sdk\build-tools\24.0.0\lib\dx.jar
Launcher Type: SUN_STANDARD

Environment Variables:
JAVA_HOME=C:\Program Files\Java\jdk1.8.0_91
PATH=C:\ProgramData\Oracle\Java\javapath;C:\Windows\system32;C:\Windows;C:\Windows\System32\Wbem;C:\Windows\System32\WindowsPowerShell\v1.0\;C:\Windows\system32\config\systemprofile\.dnx\bin;C:\Program Files\Microsoft DNX\Dnvm\;C:\Program Files\Microsoft SQL Server\120\Tools\Binn\;C:\Program Files\Git\cmd;C:\Program Files\Microsoft SQL Server\110\Tools\Binn\;C:\Program Files (x86)\Microsoft SQL Server\110\Tools\Binn\;C:\Program Files\Microsoft SQL Server\110\DTS\Binn\;C:\Program Files (x86)\Microsoft SQL Server\110\Tools\Binn\ManagementStudio\;C:\Program Files (x86)\Microsoft Visual Studio 10.0\Common7\IDE\PrivateAssemblies\;C:\Program Files (x86)\Microsoft SQL Server\110\DTS\Binn\;C:\Program Files (x86)\Skype\Phone\;C:\Program Files\nodejs\;C:\Program Files (x86)\Brackets\command;C:\Program Files (x86)\Universal Extractor;C:\Program Files (x86)\Universal Extractor\bin;C:\Program Files (x86)\GtkSharp\2.12\bin;C:\Users\Pocho\AppData\Roaming\npm;C:\Users\Pocho\AppData\Local\atom\bin;C:\Users\Pocho\AppData\Local\Android\sdk\platform-tools
USERNAME=Pocho
OS=Windows_NT
PROCESSOR_IDENTIFIER=Intel64 Family 6 Model 58 Stepping 9, GenuineIntel



---------------  S Y S T E M  ---------------

OS: Windows 8.1 , 64 bit Build 9600 (6.3.9600.17415)

CPU:total 4 (2 cores per cpu, 2 threads per core) family 6 model 58 stepping 9, cmov, cx8, fxsr, mmx, sse, sse2, sse3, ssse3, sse4.1, sse4.2, popcnt, avx, clmul, erms, ht, tsc, tscinvbit, tscinv

Memory: 4k page, physical 8281812k(301788k free), swap 11427540k(5608k free)

vm_info: OpenJDK 64-Bit Server VM (25.76-b03) for windows-amd64 JRE (1.8.0_76-release-b03), built on Jun 29 2016 19:09:20 by "ralucas" with MS VC++ 10.0 (VS2010)

time: Mon Jan 16 12:08:55 2017
elapsed time: 12 seconds (0d 0h 0m 12s)

