#
# There is insufficient memory for the Java Runtime Environment to continue.
# Native memory allocation (malloc) failed to allocate 131088 bytes for Chunk::new
# Possible reasons:
#   The system is out of physical RAM or swap space
#   In 32 bit mode, the process size limit was hit
# Possible solutions:
#   Reduce memory load on the system
#   Increase physical memory or swap space
#   Check if swap backing store is full
#   Use 64 bit Java on a 64 bit OS
#   Decrease Java heap size (-Xmx/-Xms)
#   Decrease number of Java threads
#   Decrease Java thread stack sizes (-Xss)
#   Set larger code cache with -XX:ReservedCodeCacheSize=
# This output file may be truncated or incomplete.
#
#  Out of Memory Error (allocation.cpp:390), pid=14284, tid=0x0000000000003ad4
#
# JRE version: OpenJDK Runtime Environment (8.0_112-b06) (build 1.8.0_112-release-b06)
# Java VM: OpenJDK 64-Bit Server VM (25.112-b06 mixed mode windows-amd64 compressed oops)
# Failed to write core dump. Minidumps are not enabled by default on client versions of Windows
#

---------------  T H R E A D  ---------------

Current thread (0x00000000151e4800):  JavaThread "C2 CompilerThread1" daemon [_thread_in_native, id=15060, stack(0x0000000016910000,0x0000000016a10000)]

Stack: [0x0000000016910000,0x0000000016a10000]
[error occurred during error reporting (printing stack bounds), id 0xc0000005]

Native frames: (J=compiled Java code, j=interpreted, Vv=VM code, C=native code)


Current CompileTask:
C2:   4213 1209   !   4       com.android.dx.cf.code.RopperMachine::run (1550 bytes)


---------------  P R O C E S S  ---------------

Java Threads: ( => current thread )
  0x0000000016d85000 JavaThread "pool-2-thread-4" [_thread_blocked, id=3588, stack(0x0000000017510000,0x0000000017610000)]
  0x0000000016d7b800 JavaThread "pool-2-thread-3" [_thread_blocked, id=18944, stack(0x0000000017410000,0x0000000017510000)]
  0x0000000016c69800 JavaThread "pool-2-thread-2" [_thread_in_Java, id=10988, stack(0x0000000017310000,0x0000000017410000)]
  0x0000000016c65000 JavaThread "pool-3-thread-1" [_thread_blocked, id=13900, stack(0x0000000017210000,0x0000000017310000)]
  0x0000000016c64000 JavaThread "pool-2-thread-1" [_thread_in_Java, id=14872, stack(0x0000000017110000,0x0000000017210000)]
  0x0000000016b11800 JavaThread "Service Thread" daemon [_thread_blocked, id=12384, stack(0x0000000016f10000,0x0000000017010000)]
  0x00000000151e7800 JavaThread "C1 CompilerThread2" daemon [_thread_in_native, id=4380, stack(0x0000000016a10000,0x0000000016b10000)]
=>0x00000000151e4800 JavaThread "C2 CompilerThread1" daemon [_thread_in_native, id=15060, stack(0x0000000016910000,0x0000000016a10000)]
  0x000000001518b000 JavaThread "C2 CompilerThread0" daemon [_thread_in_native, id=2464, stack(0x0000000016810000,0x0000000016910000)]
  0x0000000015189800 JavaThread "Attach Listener" daemon [_thread_blocked, id=1524, stack(0x0000000016710000,0x0000000016810000)]
  0x0000000015188800 JavaThread "Signal Dispatcher" daemon [_thread_blocked, id=15656, stack(0x0000000016610000,0x0000000016710000)]
  0x0000000015178800 JavaThread "Finalizer" daemon [_thread_blocked, id=3000, stack(0x0000000016410000,0x0000000016510000)]
  0x0000000015156800 JavaThread "Reference Handler" daemon [_thread_blocked, id=8668, stack(0x0000000016310000,0x0000000016410000)]
  0x00000000028d2800 JavaThread "main" [_thread_blocked, id=18996, stack(0x0000000002710000,0x0000000002810000)]

Other Threads:
  0x0000000015155000 VMThread [stack: 0x0000000016210000,0x0000000016310000] [id=19312]
  0x0000000016b13000 WatcherThread [stack: 0x0000000017010000,0x0000000017110000] [id=8728]

VM state:not at safepoint (normal execution)

VM Mutex/Monitor currently owned by a thread:  ([mutex/lock_event])
[0x0000000002abc060] Heap_lock - owner thread: 0x0000000016d85000

Heap:
 PSYoungGen      total 38400K, used 6659K [0x00000000eab00000, 0x00000000ed580000, 0x0000000100000000)
  eden space 33280K, 4% used [0x00000000eab00000,0x00000000eac85730,0x00000000ecb80000)
  from space 5120K, 99% used [0x00000000ecb80000,0x00000000ed07b628,0x00000000ed080000)
  to   space 5120K, 0% used [0x00000000ed080000,0x00000000ed080000,0x00000000ed580000)
 ParOldGen       total 87552K, used 1632K [0x00000000c0000000, 0x00000000c5580000, 0x00000000eab00000)
  object space 87552K, 1% used [0x00000000c0000000,0x00000000c0198120,0x00000000c5580000)
 Metaspace       used 5705K, capacity 6896K, committed 7040K, reserved 1056768K
  class space    used 555K, capacity 616K, committed 640K, reserved 1048576K

Card table byte_map: [0x0000000011e80000,0x0000000012090000] byte_map_base: 0x0000000011880000

Marking Bits: (ParMarkBitMap*) 0x0000000061be18f0
 Begin Bits: [0x00000000125f0000, 0x00000000135f0000)
 End Bits:   [0x00000000135f0000, 0x00000000145f0000)

Polling page: 0x0000000000ed0000

CodeCache: size=245760Kb used=5039Kb max_used=5039Kb free=240720Kb
 bounds [0x0000000002ac0000, 0x0000000002fc0000, 0x0000000011ac0000]
 total_blobs=1477 nmethods=1216 adapters=175
 compilation: enabled

Compilation events (10 events):
Event: 4.208 Thread 0x000000001518b000 nmethod 1216 0x0000000002f98290 code [0x0000000002f983e0, 0x0000000002f98558]
Event: 4.208 Thread 0x000000001518b000 1219 %     4       com.android.dx.ssa.SsaMethod::computeReachability @ 95 (131 bytes)
Event: 4.209 Thread 0x00000000151e7800 nmethod 1220 0x0000000002fa12d0 code [0x0000000002fa1580, 0x0000000002fa2938]
Event: 4.209 Thread 0x00000000151e7800 1222       3       com.android.dx.dex.code.RopTranslator$TranslationVisitor::visitThrowingInsn (118 bytes)
Event: 4.211 Thread 0x00000000151e7800 nmethod 1222 0x0000000002fadc50 code [0x0000000002fadf60, 0x0000000002faf868]
Event: 4.211 Thread 0x00000000151e7800 1224       1       com.android.dx.rop.annotation.Annotation::getType (5 bytes)
Event: 4.211 Thread 0x00000000151e7800 nmethod 1224 0x0000000002f91650 code [0x0000000002f917a0, 0x0000000002f918b0]
Event: 4.212 Thread 0x00000000151e7800 1225       3       com.android.dx.cf.code.ExecutionStack::setLocal (15 bytes)
Event: 4.212 Thread 0x00000000151e7800 nmethod 1225 0x0000000002fa0c50 code [0x0000000002fa0de0, 0x0000000002fa1148]
Event: 4.212 Thread 0x00000000151e7800 1226       3       com.android.dx.ssa.Dominators::run (506 bytes)

GC Heap History (2 events):
Event: 4.107 GC heap before
{Heap before GC invocations=1 (full 0):
 PSYoungGen      total 38400K, used 33280K [0x00000000eab00000, 0x00000000ed580000, 0x0000000100000000)
  eden space 33280K, 100% used [0x00000000eab00000,0x00000000ecb80000,0x00000000ecb80000)
  from space 5120K, 0% used [0x00000000ed080000,0x00000000ed080000,0x00000000ed580000)
  to   space 5120K, 0% used [0x00000000ecb80000,0x00000000ecb80000,0x00000000ed080000)
 ParOldGen       total 87552K, used 0K [0x00000000c0000000, 0x00000000c5580000, 0x00000000eab00000)
  object space 87552K, 0% used [0x00000000c0000000,0x00000000c0000000,0x00000000c5580000)
 Metaspace       used 5697K, capacity 6896K, committed 7040K, reserved 1056768K
  class space    used 555K, capacity 616K, committed 640K, reserved 1048576K
Event: 4.202 GC heap after
Heap after GC invocations=1 (full 0):
 PSYoungGen      total 38400K, used 5101K [0x00000000eab00000, 0x00000000ed580000, 0x0000000100000000)
  eden space 33280K, 0% used [0x00000000eab00000,0x00000000eab00000,0x00000000ecb80000)
  from space 5120K, 99% used [0x00000000ecb80000,0x00000000ed07b628,0x00000000ed080000)
  to   space 5120K, 0% used [0x00000000ed080000,0x00000000ed080000,0x00000000ed580000)
 ParOldGen       total 87552K, used 1632K [0x00000000c0000000, 0x00000000c5580000, 0x00000000eab00000)
  object space 87552K, 1% used [0x00000000c0000000,0x00000000c0198120,0x00000000c5580000)
 Metaspace       used 5697K, capacity 6896K, committed 7040K, reserved 1056768K
  class space    used 555K, capacity 616K, committed 640K, reserved 1048576K
}

Deoptimization events (7 events):
Event: 2.580 Thread 0x0000000016c64000 Uncommon trap: reason=unstable_if action=reinterpret pc=0x0000000002cfb758 method=java.util.HashMap.getNode(ILjava/lang/Object;)Ljava/util/HashMap$Node; @ 129
Event: 3.337 Thread 0x0000000016d7b800 Uncommon trap: reason=unstable_if action=reinterpret pc=0x0000000002d12ef0 method=java.util.BitSet.nextSetBit(I)I @ 87
Event: 3.342 Thread 0x0000000016d7b800 Uncommon trap: reason=unstable_if action=reinterpret pc=0x0000000002e7e9fc method=com.android.dx.rop.code.RegisterSpec.withReg(I)Lcom/android/dx/rop/code/RegisterSpec; @ 5
Event: 3.364 Thread 0x0000000016d85000 Uncommon trap: reason=unstable_if action=reinterpret pc=0x0000000002e2245c method=com.android.dx.rop.code.RegisterSpec.equals(ILcom/android/dx/rop/type/TypeBearer;Lcom/android/dx/rop/code/LocalItem;)Z @ 24
Event: 3.367 Thread 0x0000000016d85000 Uncommon trap: reason=unstable_if action=reinterpret pc=0x0000000002dc5424 method=com.android.dx.rop.code.RegisterSpec.equals(ILcom/android/dx/rop/type/TypeBearer;Lcom/android/dx/rop/code/LocalItem;)Z @ 24
Event: 3.508 Thread 0x0000000016d7b800 Uncommon trap: reason=unstable_if action=reinterpret pc=0x0000000002e0b4a4 method=com.android.dx.rop.code.RegisterSpec.equals(ILcom/android/dx/rop/type/TypeBearer;Lcom/android/dx/rop/code/LocalItem;)Z @ 24
Event: 3.884 Thread 0x0000000016d7b800 Uncommon trap: reason=class_check action=maybe_recompile pc=0x0000000002e0ea0c method=com.android.dx.ssa.NormalSsaInsn.accept(Lcom/android/dx/ssa/SsaInsn$Visitor;)V @ 9

Internal exceptions (2 events):
Event: 0.366 Thread 0x00000000028d2800 Exception <a 'java/lang/NoSuchMethodError': Method sun.misc.Unsafe.defineClass(Ljava/lang/String;[BII)Ljava/lang/Class; name or signature does not match> (0x00000000eab07c78) thrown at [C:\src\android\AOSP-openjdk\external\jetbrains\jdk\hotspot\src\share\vù∏;pYp◊?
Event: 0.366 Thread 0x00000000028d2800 Exception <a 'java/lang/NoSuchMethodError': Method sun.misc.Unsafe.prefetchRead(Ljava/lang/Object;J)V name or signature does not match> (0x00000000eab07f60) thrown at [C:\src\android\AOSP-openjdk\external\jetbrains\jdk\hotspot\src\share\vm\prims\jni.cpp, l

Events (10 events):
Event: 3.856 loading class java/util/TreeMap$EntrySet done
Event: 3.856 loading class java/util/TreeMap$EntryIterator
Event: 3.856 loading class java/util/TreeMap$EntryIterator done
Event: 3.856 Executing VM operation: Deoptimize
Event: 3.867 Executing VM operation: Deoptimize done
Event: 3.884 Thread 0x0000000016d7b800 Uncommon trap: trap_request=0xffffffde fr.pc=0x0000000002e0ea0c
Event: 3.884 Thread 0x0000000016d7b800 DEOPT PACKING pc=0x0000000002e0ea0c sp=0x000000001750eaa0
Event: 3.884 Thread 0x0000000016d7b800 DEOPT UNPACKING pc=0x0000000002b0556a sp=0x000000001750ea70 mode 2
Event: 4.107 Executing VM operation: ParallelGCFailedAllocation
Event: 4.203 Executing VM operation: ParallelGCFailedAllocation done


Dynamic libraries:
0x00007ff62f2b0000 - 0x00007ff62f2e1000 	C:\Program Files\Android\Android Studio\jre\bin\java.exe
0x00007ff9e5f10000 - 0x00007ff9e60bd000 	C:\Windows\SYSTEM32\ntdll.dll
0x00007ff9e5dd0000 - 0x00007ff9e5f0e000 	C:\Windows\system32\KERNEL32.DLL
0x00007ff9e3340000 - 0x00007ff9e3455000 	C:\Windows\system32\KERNELBASE.dll
0x00007ff9e5690000 - 0x00007ff9e573a000 	C:\Windows\system32\ADVAPI32.dll
0x00007ff9e5a20000 - 0x00007ff9e5b97000 	C:\Windows\system32\USER32.dll
0x00007ff9e0760000 - 0x00007ff9e09db000 	C:\Windows\WinSxS\amd64_microsoft.windows.common-controls_6595b64144ccf1df_6.0.9600.18006_none_623f33d3ecbe86e8\COMCTL32.dll
0x00007ff9e52b0000 - 0x00007ff9e535a000 	C:\Windows\system32\msvcrt.dll
0x00007ff9e35a0000 - 0x00007ff9e35f9000 	C:\Windows\SYSTEM32\sechost.dll
0x00007ff9e5070000 - 0x00007ff9e51b0000 	C:\Windows\system32\RPCRT4.dll
0x00007ff9e5530000 - 0x00007ff9e567f000 	C:\Windows\system32\GDI32.dll
0x00007ff9e3510000 - 0x00007ff9e353e000 	C:\Windows\system32\SspiCli.dll
0x00007ff9e59e0000 - 0x00007ff9e5a16000 	C:\Windows\system32\IMM32.DLL
0x00007ff9e53d0000 - 0x00007ff9e5522000 	C:\Windows\system32\MSCTF.dll
0x00000000623a0000 - 0x0000000062472000 	C:\Program Files\Android\Android Studio\jre\jre\bin\msvcr100.dll
0x0000000061420000 - 0x0000000061c5c000 	C:\Program Files\Android\Android Studio\jre\jre\bin\server\jvm.dll
0x00007ff9d4030000 - 0x00007ff9d4039000 	C:\Windows\SYSTEM32\WSOCK32.dll
0x00007ff9d41a0000 - 0x00007ff9d41c2000 	C:\Windows\SYSTEM32\WINMM.dll
0x00007ff9daaa0000 - 0x00007ff9daaaa000 	C:\Windows\SYSTEM32\VERSION.dll
0x00007ff9e5290000 - 0x00007ff9e5297000 	C:\Windows\system32\PSAPI.DLL
0x00007ff9e3600000 - 0x00007ff9e365a000 	C:\Windows\system32\WS2_32.dll
0x00007ff9d4170000 - 0x00007ff9d419a000 	C:\Windows\SYSTEM32\WINMMBASE.dll
0x00007ff9e5680000 - 0x00007ff9e5689000 	C:\Windows\system32\NSI.dll
0x00007ff9e3110000 - 0x00007ff9e315f000 	C:\Windows\SYSTEM32\cfgmgr32.dll
0x00007ff9e1e60000 - 0x00007ff9e1e88000 	C:\Windows\SYSTEM32\DEVOBJ.dll
0x00007ff9d3d70000 - 0x00007ff9d3d7f000 	C:\Program Files\Android\Android Studio\jre\jre\bin\verify.dll
0x00007ff9c8c60000 - 0x00007ff9c8c89000 	C:\Program Files\Android\Android Studio\jre\jre\bin\java.dll
0x00007ff9c73c0000 - 0x00007ff9c73d6000 	C:\Program Files\Android\Android Studio\jre\jre\bin\zip.dll
0x00007ff9e3660000 - 0x00007ff9e4b8a000 	C:\Windows\system32\SHELL32.dll
0x00007ff9e5ba0000 - 0x00007ff9e5db1000 	C:\Windows\SYSTEM32\combase.dll
0x00007ff9e5740000 - 0x00007ff9e5794000 	C:\Windows\system32\SHLWAPI.dll
0x00007ff9e13c0000 - 0x00007ff9e1472000 	C:\Windows\SYSTEM32\SHCORE.dll
0x00007ff9e3040000 - 0x00007ff9e3055000 	C:\Windows\SYSTEM32\profapi.dll

VM Arguments:
jvm_args: -Djava.awt.headless=true -Xmx1024M -Dfile.encoding=windows-1252 -Duser.country=AR -Duser.language=es -Duser.variant 
java_command: com.android.dx.command.Main --dex --force-jumbo --num-threads=4 --multi-dex --output D:\Documents\PreventaAndroid\build\intermediates\transforms\dex\debug\folders\1000\5\slice_2 D:\Documents\PreventaAndroid\build\intermediates\transforms\instantRunSlicer\debug\folders\1\5\slice_2
java_class_path (initial): C:\Users\Pocho\AppData\Local\Android\sdk\build-tools\25.0.0\lib\dx.jar
Launcher Type: SUN_STANDARD

Environment Variables:
JAVA_HOME=C:\Program Files\Java\jdk1.8.0_91
PATH=C:\ProgramData\Oracle\Java\javapath;C:\Windows\system32;C:\Windows;C:\Windows\System32\Wbem;C:\Windows\System32\WindowsPowerShell\v1.0\;C:\Windows\system32\config\systemprofile\.dnx\bin;C:\Program Files\Microsoft DNX\Dnvm\;C:\Program Files\Microsoft SQL Server\120\Tools\Binn\;C:\Program Files\Git\cmd;C:\Program Files\Microsoft SQL Server\110\Tools\Binn\;C:\Program Files (x86)\Microsoft SQL Server\110\Tools\Binn\;C:\Program Files\Microsoft SQL Server\110\DTS\Binn\;C:\Program Files (x86)\Microsoft SQL Server\110\Tools\Binn\ManagementStudio\;C:\Program Files (x86)\Microsoft Visual Studio 10.0\Common7\IDE\PrivateAssemblies\;C:\Program Files (x86)\Microsoft SQL Server\110\DTS\Binn\;C:\Program Files (x86)\Skype\Phone\;C:\Program Files\nodejs\;C:\Program Files (x86)\Universal Extractor;C:\Program Files (x86)\Universal Extractor\bin;C:\Program Files (x86)\GtkSharp\2.12\bin;C:\Users\Pocho\AppData\Roaming\npm;C:\Users\Pocho\AppData\Local\atom\bin;C:\Users\Pocho\AppData\Local\Android\sdk\platform-tools
USERNAME=Pocho
OS=Windows_NT
PROCESSOR_IDENTIFIER=Intel64 Family 6 Model 58 Stepping 9, GenuineIntel



---------------  S Y S T E M  ---------------

OS: Windows 8.1 , 64 bit Build 9600 (6.3.9600.17415)

CPU:total 4 (2 cores per cpu, 2 threads per core) family 6 model 58 stepping 9, cmov, cx8, fxsr, mmx, sse, sse2, sse3, ssse3, sse4.1, sse4.2, popcnt, avx, clmul, erms, ht, tsc, tscinvbit, tscinv

Memory: 4k page, physical 8281812k(1755800k free), swap 11427540k(3860k free)

vm_info: OpenJDK 64-Bit Server VM (25.112-b06) for windows-amd64 JRE (1.8.0_112-release-b06), built on Dec  8 2016 00:54:26 by "builder" with MS VC++ 10.0 (VS2010)

time: Thu Apr 27 15:58:40 2017
elapsed time: 4 seconds (0d 0h 0m 4s)

