#
# There is insufficient memory for the Java Runtime Environment to continue.
# Native memory allocation (malloc) failed to allocate 1048576 bytes for AllocateHeap
# Possible reasons:
#   The system is out of physical RAM or swap space
#   In 32 bit mode, the process size limit was hit
# Possible solutions:
#   Reduce memory load on the system
#   Increase physical memory or swap space
#   Check if swap backing store is full
#   Use 64 bit Java on a 64 bit OS
#   Decrease Java heap size (-Xmx/-Xms)
#   Decrease number of Java threads
#   Decrease Java thread stack sizes (-Xss)
#   Set larger code cache with -XX:ReservedCodeCacheSize=
# This output file may be truncated or incomplete.
#
#  Out of Memory Error (memory/allocation.inline.hpp:61), pid=3112, tid=0x0000000000003b04
#
# JRE version:  (8.0_112-b06) (build )
# Java VM: OpenJDK 64-Bit Server VM (25.112-b06 mixed mode windows-amd64 compressed oops)
# Failed to write core dump. Minidumps are not enabled by default on client versions of Windows
#

---------------  T H R E A D  ---------------

Current thread (0x00000000020a2800):  JavaThread "Unknown thread" [_thread_in_vm, id=15108, stack(0x0000000000820000,0x0000000000920000)]

Stack: [0x0000000000820000,0x0000000000920000]
[error occurred during error reporting (printing stack bounds), id 0xc0000005]

Native frames: (J=compiled Java code, j=interpreted, Vv=VM code, C=native code)


---------------  P R O C E S S  ---------------

Java Threads: ( => current thread )

Other Threads:

=>0x00000000020a2800 (exited) JavaThread "Unknown thread" [_thread_in_vm, id=15108, stack(0x0000000000820000,0x0000000000920000)]

VM state:not at safepoint (normal execution)

VM Mutex/Monitor currently owned by a thread: None

Heap:
 PSYoungGen      total 38400K, used 665K [0x00000000eab00000, 0x00000000ed580000, 0x0000000100000000)
  eden space 33280K, 2% used [0x00000000eab00000,0x00000000eaba6670,0x00000000ecb80000)
  from space 5120K, 0% used [0x00000000ed080000,0x00000000ed080000,0x00000000ed580000)
  to   space 5120K, 0% used [0x00000000ecb80000,0x00000000ecb80000,0x00000000ed080000)
 ParOldGen       total 87552K, used 0K [0x00000000c0000000, 0x00000000c5580000, 0x00000000eab00000)
  object space 87552K, 0% used [0x00000000c0000000,0x00000000c0000000,0x00000000c5580000)
 Metaspace       used 772K, capacity 4480K, committed 4480K, reserved 1056768K
  class space    used 73K, capacity 384K, committed 384K, reserved 1048576K

Card table byte_map: [0x0000000011600000,0x0000000011810000] byte_map_base: 0x0000000011000000

Marking Bits: (ParMarkBitMap*) 0x0000000061be18f0
 Begin Bits: [0x0000000011d70000, 0x0000000012d70000)
 End Bits:   [0x0000000012d70000, 0x0000000013d70000)

Polling page: 0x0000000000920000

CodeCache: size=245760Kb used=328Kb max_used=328Kb free=245431Kb
 bounds [0x0000000002240000, 0x00000000024b0000, 0x0000000011240000]
 total_blobs=57 nmethods=0 adapters=38
 compilation: enabled

Compilation events (0 events):
No events

GC Heap History (0 events):
No events

Deoptimization events (0 events):
No events

Internal exceptions (0 events):
No events

Events (10 events):
Event: 1.685 loading class java/lang/Short
Event: 1.687 loading class java/lang/Short done
Event: 1.687 loading class java/lang/Integer
Event: 1.687 loading class java/lang/Integer done
Event: 1.687 loading class java/lang/Long
Event: 1.687 loading class java/lang/Long done
Event: 1.688 loading class java/lang/NullPointerException
Event: 1.688 loading class java/lang/NullPointerException done
Event: 1.688 loading class java/lang/ArithmeticException
Event: 1.688 loading class java/lang/ArithmeticException done


Dynamic libraries:
0x00007ff62f2b0000 - 0x00007ff62f2e1000 	C:\Program Files\Android\Android Studio\jre\bin\java.exe
0x00007ff9e5f10000 - 0x00007ff9e60bd000 	C:\Windows\SYSTEM32\ntdll.dll
0x00007ff9e5dd0000 - 0x00007ff9e5f0e000 	C:\Windows\system32\KERNEL32.DLL
0x00007ff9e3340000 - 0x00007ff9e3455000 	C:\Windows\system32\KERNELBASE.dll
0x00007ff9e5690000 - 0x00007ff9e573a000 	C:\Windows\system32\ADVAPI32.dll
0x00007ff9e5a20000 - 0x00007ff9e5b97000 	C:\Windows\system32\USER32.dll
0x00007ff9e0760000 - 0x00007ff9e09db000 	C:\Windows\WinSxS\amd64_microsoft.windows.common-controls_6595b64144ccf1df_6.0.9600.18006_none_623f33d3ecbe86e8\COMCTL32.dll
0x00007ff9e52b0000 - 0x00007ff9e535a000 	C:\Windows\system32\msvcrt.dll
0x00007ff9e35a0000 - 0x00007ff9e35f9000 	C:\Windows\SYSTEM32\sechost.dll
0x00007ff9e5070000 - 0x00007ff9e51b0000 	C:\Windows\system32\RPCRT4.dll
0x00007ff9e5530000 - 0x00007ff9e567f000 	C:\Windows\system32\GDI32.dll
0x00007ff9e3510000 - 0x00007ff9e353e000 	C:\Windows\system32\SspiCli.dll
0x00007ff9e59e0000 - 0x00007ff9e5a16000 	C:\Windows\system32\IMM32.DLL
0x00007ff9e53d0000 - 0x00007ff9e5522000 	C:\Windows\system32\MSCTF.dll
0x00000000623a0000 - 0x0000000062472000 	C:\Program Files\Android\Android Studio\jre\jre\bin\msvcr100.dll
0x0000000061420000 - 0x0000000061c5c000 	C:\Program Files\Android\Android Studio\jre\jre\bin\server\jvm.dll
0x00007ff9d4030000 - 0x00007ff9d4039000 	C:\Windows\SYSTEM32\WSOCK32.dll
0x00007ff9d41a0000 - 0x00007ff9d41c2000 	C:\Windows\SYSTEM32\WINMM.dll
0x00007ff9daaa0000 - 0x00007ff9daaaa000 	C:\Windows\SYSTEM32\VERSION.dll
0x00007ff9e5290000 - 0x00007ff9e5297000 	C:\Windows\system32\PSAPI.DLL
0x00007ff9e3600000 - 0x00007ff9e365a000 	C:\Windows\system32\WS2_32.dll
0x00007ff9d4170000 - 0x00007ff9d419a000 	C:\Windows\SYSTEM32\WINMMBASE.dll
0x00007ff9e5680000 - 0x00007ff9e5689000 	C:\Windows\system32\NSI.dll
0x00007ff9e3110000 - 0x00007ff9e315f000 	C:\Windows\SYSTEM32\cfgmgr32.dll
0x00007ff9e1e60000 - 0x00007ff9e1e88000 	C:\Windows\SYSTEM32\DEVOBJ.dll
0x00007ff9d3d70000 - 0x00007ff9d3d7f000 	C:\Program Files\Android\Android Studio\jre\jre\bin\verify.dll
0x00007ff9c8c60000 - 0x00007ff9c8c89000 	C:\Program Files\Android\Android Studio\jre\jre\bin\java.dll
0x00007ff9c73c0000 - 0x00007ff9c73d6000 	C:\Program Files\Android\Android Studio\jre\jre\bin\zip.dll

VM Arguments:
jvm_args: -Djava.awt.headless=true -Xmx1024M -Dfile.encoding=windows-1252 -Duser.country=AR -Duser.language=es -Duser.variant 
java_command: com.android.dx.command.Main --dex --force-jumbo --num-threads=4 --multi-dex --output D:\Documents\PreventaAndroid\build\intermediates\transforms\dex\debug\folders\1000\5\slice_4 D:\Documents\PreventaAndroid\build\intermediates\transforms\instantRunSlicer\debug\folders\1\5\slice_4
java_class_path (initial): C:\Users\Pocho\AppData\Local\Android\sdk\build-tools\25.0.0\lib\dx.jar
Launcher Type: SUN_STANDARD

Environment Variables:
JAVA_HOME=C:\Program Files\Java\jdk1.8.0_91
PATH=C:\ProgramData\Oracle\Java\javapath;C:\Windows\system32;C:\Windows;C:\Windows\System32\Wbem;C:\Windows\System32\WindowsPowerShell\v1.0\;C:\Windows\system32\config\systemprofile\.dnx\bin;C:\Program Files\Microsoft DNX\Dnvm\;C:\Program Files\Microsoft SQL Server\120\Tools\Binn\;C:\Program Files\Git\cmd;C:\Program Files\Microsoft SQL Server\110\Tools\Binn\;C:\Program Files (x86)\Microsoft SQL Server\110\Tools\Binn\;C:\Program Files\Microsoft SQL Server\110\DTS\Binn\;C:\Program Files (x86)\Microsoft SQL Server\110\Tools\Binn\ManagementStudio\;C:\Program Files (x86)\Microsoft Visual Studio 10.0\Common7\IDE\PrivateAssemblies\;C:\Program Files (x86)\Microsoft SQL Server\110\DTS\Binn\;C:\Program Files (x86)\Skype\Phone\;C:\Program Files\nodejs\;C:\Program Files (x86)\Universal Extractor;C:\Program Files (x86)\Universal Extractor\bin;C:\Program Files (x86)\GtkSharp\2.12\bin;C:\Users\Pocho\AppData\Roaming\npm;C:\Users\Pocho\AppData\Local\atom\bin;C:\Users\Pocho\AppData\Local\Android\sdk\platform-tools
USERNAME=Pocho
OS=Windows_NT
PROCESSOR_IDENTIFIER=Intel64 Family 6 Model 58 Stepping 9, GenuineIntel



---------------  S Y S T E M  ---------------

OS: Windows 8.1 , 64 bit Build 9600 (6.3.9600.17415)

CPU:total 4 (2 cores per cpu, 2 threads per core) family 6 model 58 stepping 9, cmov, cx8, fxsr, mmx, sse, sse2, sse3, ssse3, sse4.1, sse4.2, popcnt, avx, clmul, erms, ht, tsc, tscinvbit, tscinv

Memory: 4k page, physical 8281812k(1753872k free), swap 11427540k(6124k free)

vm_info: OpenJDK 64-Bit Server VM (25.112-b06) for windows-amd64 JRE (1.8.0_112-release-b06), built on Dec  8 2016 00:54:26 by "builder" with MS VC++ 10.0 (VS2010)

time: Thu Apr 27 15:58:40 2017
elapsed time: 1 seconds (0d 0h 0m 1s)

